2025-01-20 15:40:49,821 - INFO - 初始化系统组件
2025-01-20 15:40:49,822 - INFO - 初始化模拟PLC连接
2025-01-20 15:40:49,822 - INFO - 加载模型: /Volumes/sandisk/Project/Swift/ml_scaner/ml_scanner_server/models/primer_model.mlpackage
2025-01-20 15:40:49,822 - ERROR - 模型加载失败: Expected model to be a .mlmodel file, .mlpackage file or a Model_pb2 object
2025-01-20 15:40:49,822 - INFO - 使用模拟预测模式
2025-01-20 15:40:49,822 - INFO - 系统组件初始化完成
2025-01-20 15:40:49,823 - INFO - 启动测试服务器
2025-01-20 15:40:49,899 - WARNING -  * Running on all addresses.
   WARNING: This is a development server. Do not use it in a production deployment.
2025-01-20 15:40:49,899 - INFO -  * Running on http://198.18.0.1:8080/ (Press CTRL+C to quit)
2025-01-20 15:40:54,839 - INFO - 模拟PLC发送检测信号
2025-01-20 15:40:59,842 - INFO - 模拟PLC发送检测信号
2025-01-20 15:41:04,847 - INFO - 模拟PLC发送检测信号
2025-01-20 15:41:09,849 - INFO - 模拟PLC发送检测信号
2025-01-20 15:41:14,852 - INFO - 模拟PLC发送检测信号
2025-01-20 15:41:19,855 - INFO - 模拟PLC发送检测信号
2025-01-20 15:41:24,857 - INFO - 模拟PLC发送检测信号
2025-01-20 15:41:29,862 - INFO - 模拟PLC发送检测信号
2025-01-20 15:41:34,868 - INFO - 模拟PLC发送检测信号
2025-01-20 15:41:39,873 - INFO - 模拟PLC发送检测信号
2025-01-20 15:41:44,878 - INFO - 模拟PLC发送检测信号
2025-01-20 15:41:49,880 - INFO - 模拟PLC发送检测信号
2025-01-20 15:41:54,883 - INFO - 模拟PLC发送检测信号
2025-01-20 15:41:59,888 - INFO - 模拟PLC发送检测信号
2025-01-20 15:42:04,894 - INFO - 模拟PLC发送检测信号
2025-01-20 15:42:09,896 - INFO - 模拟PLC发送检测信号
2025-01-20 15:42:14,902 - INFO - 模拟PLC发送检测信号
2025-01-20 15:42:19,907 - INFO - 模拟PLC发送检测信号
2025-01-20 15:42:24,909 - INFO - 模拟PLC发送检测信号
2025-01-20 15:42:29,914 - INFO - 模拟PLC发送检测信号
2025-01-20 15:42:34,915 - INFO - 模拟PLC发送检测信号
2025-01-20 15:42:39,917 - INFO - 模拟PLC发送检测信号
2025-01-20 15:42:44,921 - INFO - 模拟PLC发送检测信号
2025-01-20 15:42:49,923 - INFO - 模拟PLC发送检测信号
2025-01-20 15:42:54,929 - INFO - 模拟PLC发送检测信号
2025-01-20 15:42:59,932 - INFO - 模拟PLC发送检测信号
2025-01-20 15:43:02,164 - INFO - 关闭服务器
2025-01-20 15:43:02,164 - INFO - 关闭模拟PLC连接
2025-01-20 15:43:04,938 - INFO - 模拟PLC发送检测信号
2025-01-20 15:43:07,530 - INFO - 初始化系统组件
2025-01-20 15:43:07,530 - INFO - 初始化模拟PLC连接
2025-01-20 15:43:07,530 - INFO - 加载模型: /Volumes/sandisk/Project/Swift/ml_scaner/ml_scanner_server/models/primer_model.mlpackage
2025-01-20 15:43:07,531 - ERROR - 在 mlpackage 中未找到 model.mlmodel: /Volumes/sandisk/Project/Swift/ml_scaner/ml_scanner_server/models/primer_model.mlpackage/model.mlmodel
2025-01-20 15:43:07,531 - INFO - 切换到模拟预测模式
2025-01-20 15:43:07,531 - INFO - 系统组件初始化完成
2025-01-20 15:43:07,532 - INFO - 启动测试服务器
2025-01-20 15:43:07,575 - WARNING -  * Running on all addresses.
   WARNING: This is a development server. Do not use it in a production deployment.
2025-01-20 15:43:07,575 - INFO -  * Running on http://198.18.0.1:8080/ (Press CTRL+C to quit)
2025-01-20 15:43:12,549 - INFO - 模拟PLC发送检测信号
2025-01-20 15:43:17,553 - INFO - 模拟PLC发送检测信号
2025-01-20 15:43:22,559 - INFO - 模拟PLC发送检测信号
2025-01-20 15:43:27,565 - INFO - 模拟PLC发送检测信号
2025-01-20 15:43:32,571 - INFO - 模拟PLC发送检测信号
2025-01-20 15:43:37,576 - INFO - 模拟PLC发送检测信号
2025-01-20 15:43:42,581 - INFO - 模拟PLC发送检测信号
2025-01-20 15:43:47,587 - INFO - 模拟PLC发送检测信号
2025-01-20 15:43:52,593 - INFO - 模拟PLC发送检测信号
2025-01-20 15:43:57,600 - INFO - 模拟PLC发送检测信号
2025-01-20 15:44:02,606 - INFO - 模拟PLC发送检测信号
2025-01-20 15:44:07,608 - INFO - 模拟PLC发送检测信号
2025-01-20 15:44:12,612 - INFO - 模拟PLC发送检测信号
2025-01-20 15:44:17,614 - INFO - 模拟PLC发送检测信号
2025-01-20 15:44:22,620 - INFO - 模拟PLC发送检测信号
2025-01-20 15:44:27,625 - INFO - 模拟PLC发送检测信号
2025-01-20 15:44:32,631 - INFO - 模拟PLC发送检测信号
2025-01-20 15:44:37,633 - INFO - 模拟PLC发送检测信号
2025-01-20 15:44:42,639 - INFO - 模拟PLC发送检测信号
2025-01-20 15:44:47,645 - INFO - 模拟PLC发送检测信号
2025-01-20 15:44:52,648 - INFO - 模拟PLC发送检测信号
2025-01-20 15:44:57,649 - INFO - 模拟PLC发送检测信号
2025-01-20 15:45:02,654 - INFO - 模拟PLC发送检测信号
2025-01-20 15:45:07,656 - INFO - 模拟PLC发送检测信号
2025-01-20 15:45:12,659 - INFO - 模拟PLC发送检测信号
2025-01-20 15:45:17,665 - INFO - 模拟PLC发送检测信号
2025-01-20 15:45:22,666 - INFO - 模拟PLC发送检测信号
2025-01-20 15:45:27,674 - INFO - 模拟PLC发送检测信号
2025-01-20 15:45:32,681 - INFO - 模拟PLC发送检测信号
2025-01-20 15:45:37,685 - INFO - 模拟PLC发送检测信号
2025-01-20 15:45:42,692 - INFO - 模拟PLC发送检测信号
2025-01-20 15:45:47,696 - INFO - 模拟PLC发送检测信号
2025-01-20 15:45:52,703 - INFO - 模拟PLC发送检测信号
2025-01-20 15:45:57,705 - INFO - 模拟PLC发送检测信号
2025-01-20 15:46:02,710 - INFO - 模拟PLC发送检测信号
2025-01-20 15:46:07,711 - INFO - 模拟PLC发送检测信号
2025-01-20 15:46:12,717 - INFO - 模拟PLC发送检测信号
2025-01-20 15:46:17,722 - INFO - 模拟PLC发送检测信号
2025-01-20 15:46:22,729 - INFO - 模拟PLC发送检测信号
2025-01-20 15:46:27,735 - INFO - 模拟PLC发送检测信号
2025-01-20 15:46:32,738 - INFO - 模拟PLC发送检测信号
2025-01-20 15:46:37,740 - INFO - 模拟PLC发送检测信号
2025-01-20 15:46:42,745 - INFO - 模拟PLC发送检测信号
2025-01-20 15:46:47,746 - INFO - 模拟PLC发送检测信号
2025-01-20 15:46:52,751 - INFO - 模拟PLC发送检测信号
2025-01-20 15:46:57,754 - INFO - 模拟PLC发送检测信号
2025-01-20 15:47:02,759 - INFO - 模拟PLC发送检测信号
2025-01-20 15:47:07,764 - INFO - 模拟PLC发送检测信号
2025-01-20 15:47:12,766 - INFO - 模拟PLC发送检测信号
2025-01-20 15:47:17,772 - INFO - 模拟PLC发送检测信号
2025-01-20 15:47:22,777 - INFO - 模拟PLC发送检测信号
2025-01-20 15:47:27,782 - INFO - 模拟PLC发送检测信号
2025-01-20 15:47:32,787 - INFO - 模拟PLC发送检测信号
2025-01-20 15:47:37,788 - INFO - 模拟PLC发送检测信号
2025-01-20 15:47:42,791 - INFO - 模拟PLC发送检测信号
2025-01-20 15:47:47,796 - INFO - 模拟PLC发送检测信号
2025-01-20 15:47:52,801 - INFO - 模拟PLC发送检测信号
2025-01-20 15:47:57,805 - INFO - 模拟PLC发送检测信号
2025-01-20 15:48:02,806 - INFO - 模拟PLC发送检测信号
2025-01-20 15:48:07,810 - INFO - 模拟PLC发送检测信号
2025-01-20 15:48:12,816 - INFO - 模拟PLC发送检测信号
2025-01-20 15:48:17,820 - INFO - 模拟PLC发送检测信号
2025-01-20 15:48:22,823 - INFO - 模拟PLC发送检测信号
2025-01-20 15:48:27,826 - INFO - 模拟PLC发送检测信号
2025-01-20 15:48:32,832 - INFO - 模拟PLC发送检测信号
2025-01-20 15:48:37,836 - INFO - 模拟PLC发送检测信号
2025-01-20 15:48:42,840 - INFO - 模拟PLC发送检测信号
2025-01-20 15:48:47,846 - INFO - 模拟PLC发送检测信号
2025-01-20 15:48:52,852 - INFO - 模拟PLC发送检测信号
2025-01-20 15:48:57,858 - INFO - 模拟PLC发送检测信号
2025-01-20 15:49:02,863 - INFO - 模拟PLC发送检测信号
2025-01-20 15:49:07,870 - INFO - 模拟PLC发送检测信号
2025-01-20 15:49:12,874 - INFO - 模拟PLC发送检测信号
2025-01-20 15:49:17,205 - INFO - 关闭服务器
2025-01-20 15:49:17,206 - INFO - 关闭模拟PLC连接
2025-01-20 15:49:17,877 - INFO - 模拟PLC发送检测信号
2025-01-20 15:49:20,542 - INFO - 初始化系统组件
2025-01-20 15:49:20,542 - INFO - 初始化模拟PLC连接
2025-01-20 15:49:20,542 - INFO - 加载模型: /Volumes/sandisk/Project/Swift/ml_scaner/ml_scanner_server/models/primer_model.mlpackage/Data/com.apple.CoreML/model.mlmodel
2025-01-20 15:49:24,387 - INFO - 模型加载成功
2025-01-20 15:49:24,387 - INFO - 系统组件初始化完成
2025-01-20 15:49:24,388 - INFO - 启动测试服务器
2025-01-20 15:49:24,401 - WARNING -  * Running on all addresses.
   WARNING: This is a development server. Do not use it in a production deployment.
2025-01-20 15:49:24,401 - INFO -  * Running on http://198.18.0.1:8080/ (Press CTRL+C to quit)
2025-01-20 15:49:29,398 - INFO - 模拟PLC发送检测信号
2025-01-20 15:49:34,404 - INFO - 模拟PLC发送检测信号
2025-01-20 15:49:39,406 - INFO - 模拟PLC发送检测信号
2025-01-20 15:49:44,412 - INFO - 模拟PLC发送检测信号
2025-01-20 15:49:49,419 - INFO - 模拟PLC发送检测信号
2025-01-20 15:49:54,423 - INFO - 模拟PLC发送检测信号
2025-01-20 15:49:59,427 - INFO - 模拟PLC发送检测信号
2025-01-20 15:50:04,432 - INFO - 模拟PLC发送检测信号
2025-01-20 15:50:09,434 - INFO - 模拟PLC发送检测信号
2025-01-20 15:50:14,439 - INFO - 模拟PLC发送检测信号
2025-01-20 15:50:19,446 - INFO - 模拟PLC发送检测信号
2025-01-20 15:50:24,451 - INFO - 模拟PLC发送检测信号
2025-01-20 15:50:29,457 - INFO - 模拟PLC发送检测信号
2025-01-20 15:50:34,459 - INFO - 模拟PLC发送检测信号
2025-01-20 15:50:39,461 - INFO - 模拟PLC发送检测信号
2025-01-20 15:50:44,465 - INFO - 模拟PLC发送检测信号
2025-01-20 15:50:49,470 - INFO - 模拟PLC发送检测信号
2025-01-20 15:50:54,474 - INFO - 模拟PLC发送检测信号
2025-01-20 15:50:59,476 - INFO - 模拟PLC发送检测信号
2025-01-20 15:51:04,479 - INFO - 模拟PLC发送检测信号
2025-01-20 15:51:09,482 - INFO - 模拟PLC发送检测信号
2025-01-20 15:51:14,487 - INFO - 模拟PLC发送检测信号
2025-01-20 15:51:19,492 - INFO - 模拟PLC发送检测信号
2025-01-20 15:51:24,494 - INFO - 模拟PLC发送检测信号
2025-01-20 15:51:29,500 - INFO - 模拟PLC发送检测信号
2025-01-20 15:51:34,500 - INFO - 模拟PLC发送检测信号
2025-01-20 15:51:39,508 - INFO - 模拟PLC发送检测信号
2025-01-20 15:51:44,510 - INFO - 模拟PLC发送检测信号
2025-01-20 15:51:49,514 - INFO - 模拟PLC发送检测信号
2025-01-20 15:51:54,520 - INFO - 模拟PLC发送检测信号
2025-01-20 15:51:59,526 - INFO - 模拟PLC发送检测信号
2025-01-20 15:52:04,527 - INFO - 模拟PLC发送检测信号
2025-01-20 15:52:09,531 - INFO - 模拟PLC发送检测信号
2025-01-20 15:52:14,537 - INFO - 模拟PLC发送检测信号
2025-01-20 15:52:19,539 - INFO - 模拟PLC发送检测信号
2025-01-20 15:52:24,544 - INFO - 模拟PLC发送检测信号
2025-01-20 15:52:29,549 - INFO - 模拟PLC发送检测信号
2025-01-20 15:52:34,554 - INFO - 模拟PLC发送检测信号
2025-01-20 15:52:39,558 - INFO - 模拟PLC发送检测信号
2025-01-20 15:52:39,618 - INFO - 192.168.1.58 - - [20/Jan/2025 15:52:39] "GET /socket.io/?transport=polling&b64=1&EIO=4 HTTP/1.1" 200 -
2025-01-20 15:52:39,690 - INFO - 客户端连接: Kx84ITlyvssw144eAAAB
2025-01-20 15:52:39,690 - INFO - 192.168.1.58 - - [20/Jan/2025 15:52:39] "POST /socket.io/?transport=polling&b64=1&EIO=4&sid=LyWUQ04XjFnj49L3AAAA HTTP/1.1" 200 -
2025-01-20 15:52:39,690 - INFO - 192.168.1.58 - - [20/Jan/2025 15:52:39] "GET /socket.io/?transport=polling&b64=1&EIO=4&sid=LyWUQ04XjFnj49L3AAAA HTTP/1.1" 200 -
2025-01-20 15:52:39,725 - INFO - 192.168.1.58 - - [20/Jan/2025 15:52:39] "GET /socket.io/?transport=polling&b64=1&EIO=4&sid=LyWUQ04XjFnj49L3AAAA HTTP/1.1" 200 -
2025-01-20 15:52:44,564 - INFO - 模拟PLC发送检测信号
2025-01-20 15:52:49,569 - INFO - 模拟PLC发送检测信号
2025-01-20 15:52:54,575 - INFO - 模拟PLC发送检测信号
2025-01-20 15:52:59,580 - INFO - 模拟PLC发送检测信号
2025-01-20 15:53:04,584 - INFO - 模拟PLC发送检测信号
2025-01-20 15:53:07,791 - INFO - 客户端断开: Kx84ITlyvssw144eAAAB
2025-01-20 15:53:07,792 - INFO - 192.168.1.58 - - [20/Jan/2025 15:53:07] "GET /socket.io/?transport=websocket&EIO=4&sid=LyWUQ04XjFnj49L3AAAA HTTP/1.1" 200 -
2025-01-20 15:53:09,589 - INFO - 模拟PLC发送检测信号
2025-01-20 15:53:14,595 - INFO - 模拟PLC发送检测信号
2025-01-20 15:53:19,600 - INFO - 模拟PLC发送检测信号
2025-01-20 15:53:24,606 - INFO - 模拟PLC发送检测信号
2025-01-20 15:53:29,612 - INFO - 模拟PLC发送检测信号
2025-01-20 15:53:34,615 - INFO - 模拟PLC发送检测信号
2025-01-20 15:53:39,621 - INFO - 模拟PLC发送检测信号
2025-01-20 15:53:44,627 - INFO - 模拟PLC发送检测信号
2025-01-20 15:53:49,630 - INFO - 模拟PLC发送检测信号
2025-01-20 15:53:54,635 - INFO - 模拟PLC发送检测信号
2025-01-20 15:53:59,639 - INFO - 模拟PLC发送检测信号
2025-01-20 15:54:04,641 - INFO - 模拟PLC发送检测信号
2025-01-20 15:54:09,648 - INFO - 模拟PLC发送检测信号
2025-01-20 15:54:14,653 - INFO - 模拟PLC发送检测信号
2025-01-20 15:54:19,658 - INFO - 模拟PLC发送检测信号
2025-01-20 15:54:24,666 - INFO - 模拟PLC发送检测信号
2025-01-20 15:54:29,667 - INFO - 模拟PLC发送检测信号
2025-01-20 15:54:34,669 - INFO - 模拟PLC发送检测信号
2025-01-20 15:54:39,671 - INFO - 模拟PLC发送检测信号
2025-01-20 15:54:44,676 - INFO - 模拟PLC发送检测信号
2025-01-20 15:54:49,681 - INFO - 模拟PLC发送检测信号
2025-01-20 15:54:54,683 - INFO - 模拟PLC发送检测信号
2025-01-20 15:54:59,688 - INFO - 模拟PLC发送检测信号
2025-01-20 15:55:04,690 - INFO - 模拟PLC发送检测信号
2025-01-20 15:55:09,697 - INFO - 模拟PLC发送检测信号
2025-01-20 15:55:14,702 - INFO - 模拟PLC发送检测信号
2025-01-20 15:55:19,717 - INFO - 模拟PLC发送检测信号
2025-01-20 15:55:24,731 - INFO - 模拟PLC发送检测信号
2025-01-20 15:55:29,742 - INFO - 模拟PLC发送检测信号
2025-01-20 15:55:34,751 - INFO - 模拟PLC发送检测信号
2025-01-20 15:55:39,755 - INFO - 模拟PLC发送检测信号
2025-01-20 15:55:44,761 - INFO - 模拟PLC发送检测信号
2025-01-20 15:55:49,768 - INFO - 模拟PLC发送检测信号
2025-01-20 15:55:54,776 - INFO - 模拟PLC发送检测信号
2025-01-20 15:55:59,783 - INFO - 模拟PLC发送检测信号
2025-01-20 15:56:04,788 - INFO - 模拟PLC发送检测信号
2025-01-20 15:56:09,795 - INFO - 模拟PLC发送检测信号
2025-01-20 15:56:14,802 - INFO - 模拟PLC发送检测信号
2025-01-20 15:56:19,804 - INFO - 模拟PLC发送检测信号
2025-01-20 15:56:24,810 - INFO - 模拟PLC发送检测信号
2025-01-20 15:56:29,812 - INFO - 模拟PLC发送检测信号
2025-01-20 15:56:34,819 - INFO - 模拟PLC发送检测信号
2025-01-20 15:56:39,824 - INFO - 模拟PLC发送检测信号
2025-01-20 15:56:41,723 - INFO - 192.168.1.58 - - [20/Jan/2025 15:56:41] "GET /socket.io/?transport=polling&b64=1&EIO=4 HTTP/1.1" 200 -
2025-01-20 15:56:41,776 - INFO - 客户端连接: b9gIEP8YaXODnY-BAAAD
2025-01-20 15:56:41,776 - INFO - 192.168.1.58 - - [20/Jan/2025 15:56:41] "POST /socket.io/?transport=polling&b64=1&EIO=4&sid=QJh7aetPHUFVCdmEAAAC HTTP/1.1" 200 -
2025-01-20 15:56:41,776 - INFO - 192.168.1.58 - - [20/Jan/2025 15:56:41] "GET /socket.io/?transport=polling&b64=1&EIO=4&sid=QJh7aetPHUFVCdmEAAAC HTTP/1.1" 200 -
2025-01-20 15:56:41,798 - INFO - 192.168.1.58 - - [20/Jan/2025 15:56:41] "GET /socket.io/?transport=polling&b64=1&EIO=4&sid=QJh7aetPHUFVCdmEAAAC HTTP/1.1" 200 -
2025-01-20 15:56:44,831 - INFO - 模拟PLC发送检测信号
2025-01-20 15:56:49,833 - INFO - 模拟PLC发送检测信号
2025-01-20 15:56:54,839 - INFO - 模拟PLC发送检测信号
2025-01-20 15:56:59,844 - INFO - 模拟PLC发送检测信号
2025-01-20 15:57:04,849 - INFO - 模拟PLC发送检测信号
2025-01-20 15:57:07,857 - INFO - 客户端断开: b9gIEP8YaXODnY-BAAAD
2025-01-20 15:57:07,858 - INFO - 192.168.1.58 - - [20/Jan/2025 15:57:07] "GET /socket.io/?transport=websocket&EIO=4&sid=QJh7aetPHUFVCdmEAAAC HTTP/1.1" 200 -
2025-01-20 15:57:09,854 - INFO - 模拟PLC发送检测信号
2025-01-20 15:57:14,861 - INFO - 模拟PLC发送检测信号
2025-01-20 15:57:19,863 - INFO - 模拟PLC发送检测信号
2025-01-20 15:57:24,864 - INFO - 模拟PLC发送检测信号
2025-01-20 15:57:29,868 - INFO - 模拟PLC发送检测信号
2025-01-20 15:57:34,873 - INFO - 模拟PLC发送检测信号
2025-01-20 15:57:39,878 - INFO - 模拟PLC发送检测信号
2025-01-20 15:57:44,884 - INFO - 模拟PLC发送检测信号
2025-01-20 15:57:49,888 - INFO - 模拟PLC发送检测信号
2025-01-20 15:57:54,893 - INFO - 模拟PLC发送检测信号
2025-01-20 15:57:59,895 - INFO - 模拟PLC发送检测信号
2025-01-20 15:58:04,897 - INFO - 模拟PLC发送检测信号
2025-01-20 15:58:09,902 - INFO - 模拟PLC发送检测信号
2025-01-20 15:58:14,907 - INFO - 模拟PLC发送检测信号
2025-01-20 15:58:19,912 - INFO - 模拟PLC发送检测信号
2025-01-20 15:58:24,913 - INFO - 模拟PLC发送检测信号
2025-01-20 15:58:29,917 - INFO - 模拟PLC发送检测信号
2025-01-20 15:58:34,923 - INFO - 模拟PLC发送检测信号
2025-01-20 15:58:39,929 - INFO - 模拟PLC发送检测信号
2025-01-20 15:58:44,930 - INFO - 模拟PLC发送检测信号
2025-01-20 15:58:49,933 - INFO - 模拟PLC发送检测信号
2025-01-20 15:58:54,938 - INFO - 模拟PLC发送检测信号
2025-01-20 15:58:59,941 - INFO - 模拟PLC发送检测信号
2025-01-20 15:59:04,943 - INFO - 模拟PLC发送检测信号
2025-01-20 15:59:09,947 - INFO - 模拟PLC发送检测信号
2025-01-20 15:59:14,952 - INFO - 模拟PLC发送检测信号
2025-01-20 15:59:19,958 - INFO - 模拟PLC发送检测信号
2025-01-20 15:59:24,962 - INFO - 模拟PLC发送检测信号
2025-01-20 15:59:29,966 - INFO - 模拟PLC发送检测信号
2025-01-20 15:59:34,971 - INFO - 模拟PLC发送检测信号
2025-01-20 15:59:39,977 - INFO - 模拟PLC发送检测信号
2025-01-20 15:59:44,981 - INFO - 模拟PLC发送检测信号
2025-01-20 15:59:49,987 - INFO - 模拟PLC发送检测信号
2025-01-20 15:59:54,991 - INFO - 模拟PLC发送检测信号
2025-01-20 15:59:59,992 - INFO - 模拟PLC发送检测信号
2025-01-20 16:00:04,997 - INFO - 模拟PLC发送检测信号
2025-01-20 16:00:10,000 - INFO - 模拟PLC发送检测信号
2025-01-20 16:00:15,005 - INFO - 模拟PLC发送检测信号
2025-01-20 16:00:20,025 - INFO - 模拟PLC发送检测信号
2025-01-20 16:00:25,031 - INFO - 模拟PLC发送检测信号
2025-01-20 16:00:30,038 - INFO - 模拟PLC发送检测信号
2025-01-20 16:00:35,046 - INFO - 模拟PLC发送检测信号
2025-01-20 16:00:40,051 - INFO - 模拟PLC发送检测信号
2025-01-20 16:00:45,056 - INFO - 模拟PLC发送检测信号
2025-01-20 16:00:50,062 - INFO - 模拟PLC发送检测信号
2025-01-20 16:00:55,068 - INFO - 模拟PLC发送检测信号
2025-01-20 16:01:00,072 - INFO - 模拟PLC发送检测信号
2025-01-20 16:01:05,076 - INFO - 模拟PLC发送检测信号
2025-01-20 16:01:10,081 - INFO - 模拟PLC发送检测信号
2025-01-20 16:01:15,083 - INFO - 模拟PLC发送检测信号
2025-01-20 16:01:20,087 - INFO - 模拟PLC发送检测信号
2025-01-20 16:01:25,089 - INFO - 模拟PLC发送检测信号
2025-01-20 16:01:30,092 - INFO - 模拟PLC发送检测信号
2025-01-20 16:01:35,093 - INFO - 模拟PLC发送检测信号
2025-01-20 16:01:40,099 - INFO - 模拟PLC发送检测信号
2025-01-20 16:01:45,100 - INFO - 模拟PLC发送检测信号
2025-01-20 16:01:50,106 - INFO - 模拟PLC发送检测信号
2025-01-20 16:01:55,112 - INFO - 模拟PLC发送检测信号
2025-01-20 16:02:00,116 - INFO - 模拟PLC发送检测信号
2025-01-20 16:02:05,122 - INFO - 模拟PLC发送检测信号
2025-01-20 16:02:10,123 - INFO - 模拟PLC发送检测信号
2025-01-20 16:02:15,129 - INFO - 模拟PLC发送检测信号
2025-01-20 16:02:20,130 - INFO - 模拟PLC发送检测信号
2025-01-20 16:02:25,132 - INFO - 模拟PLC发送检测信号
2025-01-20 16:02:30,136 - INFO - 模拟PLC发送检测信号
2025-01-20 16:02:35,139 - INFO - 模拟PLC发送检测信号
2025-01-20 16:02:40,143 - INFO - 模拟PLC发送检测信号
2025-01-20 16:02:45,148 - INFO - 模拟PLC发送检测信号
2025-01-20 16:02:50,154 - INFO - 模拟PLC发送检测信号
2025-01-20 16:02:55,159 - INFO - 模拟PLC发送检测信号
2025-01-20 16:03:00,164 - INFO - 模拟PLC发送检测信号
2025-01-20 16:03:05,172 - INFO - 模拟PLC发送检测信号
2025-01-20 16:03:10,173 - INFO - 模拟PLC发送检测信号
2025-01-20 16:03:15,178 - INFO - 模拟PLC发送检测信号
2025-01-20 16:03:20,180 - INFO - 模拟PLC发送检测信号
2025-01-20 16:03:25,182 - INFO - 模拟PLC发送检测信号
2025-01-20 16:03:30,188 - INFO - 模拟PLC发送检测信号
2025-01-20 16:03:35,193 - INFO - 模拟PLC发送检测信号
2025-01-20 16:03:40,199 - INFO - 模拟PLC发送检测信号
2025-01-20 16:03:45,202 - INFO - 模拟PLC发送检测信号
2025-01-20 16:03:50,205 - INFO - 模拟PLC发送检测信号
2025-01-20 16:03:55,208 - INFO - 模拟PLC发送检测信号
2025-01-20 16:04:00,216 - INFO - 模拟PLC发送检测信号
2025-01-20 16:04:05,217 - INFO - 模拟PLC发送检测信号
2025-01-20 16:04:10,221 - INFO - 模拟PLC发送检测信号
2025-01-20 16:04:15,227 - INFO - 模拟PLC发送检测信号
2025-01-20 16:04:20,233 - INFO - 模拟PLC发送检测信号
2025-01-20 16:04:25,238 - INFO - 模拟PLC发送检测信号
2025-01-20 16:04:30,242 - INFO - 模拟PLC发送检测信号
2025-01-20 16:04:35,248 - INFO - 模拟PLC发送检测信号
2025-01-20 16:04:40,251 - INFO - 模拟PLC发送检测信号
2025-01-20 16:04:45,257 - INFO - 模拟PLC发送检测信号
2025-01-20 16:04:50,259 - INFO - 模拟PLC发送检测信号
2025-01-20 16:04:55,265 - INFO - 模拟PLC发送检测信号
2025-01-20 16:05:00,271 - INFO - 模拟PLC发送检测信号
2025-01-20 16:05:05,277 - INFO - 模拟PLC发送检测信号
2025-01-20 16:05:10,283 - INFO - 模拟PLC发送检测信号
2025-01-20 16:05:15,289 - INFO - 模拟PLC发送检测信号
2025-01-20 16:05:20,292 - INFO - 模拟PLC发送检测信号
2025-01-20 16:05:25,296 - INFO - 模拟PLC发送检测信号
2025-01-20 16:05:30,297 - INFO - 模拟PLC发送检测信号
2025-01-20 16:05:35,303 - INFO - 模拟PLC发送检测信号
2025-01-20 16:05:40,309 - INFO - 模拟PLC发送检测信号
2025-01-20 16:05:45,312 - INFO - 模拟PLC发送检测信号
2025-01-20 16:05:50,315 - INFO - 模拟PLC发送检测信号
2025-01-20 16:05:55,317 - INFO - 模拟PLC发送检测信号
2025-01-20 16:06:00,319 - INFO - 模拟PLC发送检测信号
2025-01-20 16:06:05,321 - INFO - 模拟PLC发送检测信号
2025-01-20 16:06:10,327 - INFO - 模拟PLC发送检测信号
2025-01-20 16:06:15,334 - INFO - 模拟PLC发送检测信号
2025-01-20 16:06:20,341 - INFO - 模拟PLC发送检测信号
2025-01-20 16:06:25,347 - INFO - 模拟PLC发送检测信号
2025-01-20 16:06:30,351 - INFO - 模拟PLC发送检测信号
2025-01-20 16:06:35,355 - INFO - 模拟PLC发送检测信号
2025-01-20 16:06:40,356 - INFO - 模拟PLC发送检测信号
2025-01-20 16:06:45,362 - INFO - 模拟PLC发送检测信号
2025-01-20 16:06:50,368 - INFO - 模拟PLC发送检测信号
2025-01-20 16:06:55,372 - INFO - 模拟PLC发送检测信号
2025-01-20 16:07:00,378 - INFO - 模拟PLC发送检测信号
2025-01-20 16:07:05,384 - INFO - 模拟PLC发送检测信号
2025-01-20 16:07:10,389 - INFO - 模拟PLC发送检测信号
2025-01-20 16:07:15,395 - INFO - 模拟PLC发送检测信号
2025-01-20 16:07:20,401 - INFO - 模拟PLC发送检测信号
2025-01-20 16:07:25,405 - INFO - 模拟PLC发送检测信号
2025-01-20 16:07:30,412 - INFO - 模拟PLC发送检测信号
2025-01-20 16:07:35,418 - INFO - 模拟PLC发送检测信号
2025-01-20 16:07:40,419 - INFO - 模拟PLC发送检测信号
2025-01-20 16:07:45,425 - INFO - 模拟PLC发送检测信号
2025-01-20 16:07:50,426 - INFO - 模拟PLC发送检测信号
2025-01-20 16:07:55,430 - INFO - 模拟PLC发送检测信号
2025-01-20 16:08:00,435 - INFO - 模拟PLC发送检测信号
2025-01-20 16:08:05,437 - INFO - 模拟PLC发送检测信号
2025-01-20 16:08:10,439 - INFO - 模拟PLC发送检测信号
2025-01-20 16:08:15,444 - INFO - 模拟PLC发送检测信号
2025-01-20 16:08:20,474 - INFO - 模拟PLC发送检测信号
2025-01-20 16:08:25,490 - INFO - 模拟PLC发送检测信号
2025-01-20 16:08:30,496 - INFO - 模拟PLC发送检测信号
2025-01-20 16:08:35,499 - INFO - 模拟PLC发送检测信号
2025-01-20 16:08:40,501 - INFO - 模拟PLC发送检测信号
2025-01-20 16:08:45,508 - INFO - 模拟PLC发送检测信号
2025-01-20 16:08:50,514 - INFO - 模拟PLC发送检测信号
2025-01-20 16:08:55,519 - INFO - 模拟PLC发送检测信号
2025-01-20 16:09:00,522 - INFO - 模拟PLC发送检测信号
2025-01-20 16:09:05,526 - INFO - 模拟PLC发送检测信号
2025-01-20 16:09:10,531 - INFO - 模拟PLC发送检测信号
2025-01-20 16:09:15,535 - INFO - 模拟PLC发送检测信号
2025-01-20 16:09:20,537 - INFO - 模拟PLC发送检测信号
2025-01-20 16:09:25,540 - INFO - 模拟PLC发送检测信号
2025-01-20 16:09:30,544 - INFO - 模拟PLC发送检测信号
2025-01-20 16:09:35,545 - INFO - 模拟PLC发送检测信号
2025-01-20 16:09:40,546 - INFO - 模拟PLC发送检测信号
2025-01-20 16:09:45,551 - INFO - 模拟PLC发送检测信号
2025-01-20 16:09:50,556 - INFO - 模拟PLC发送检测信号
2025-01-20 16:09:55,557 - INFO - 模拟PLC发送检测信号
2025-01-20 16:10:00,562 - INFO - 模拟PLC发送检测信号
2025-01-20 16:10:05,569 - INFO - 模拟PLC发送检测信号
2025-01-20 16:10:10,572 - INFO - 模拟PLC发送检测信号
2025-01-20 16:10:15,643 - INFO - 模拟PLC发送检测信号
2025-01-20 16:10:20,645 - INFO - 模拟PLC发送检测信号
2025-01-20 16:10:25,646 - INFO - 模拟PLC发送检测信号
2025-01-20 16:10:30,654 - INFO - 模拟PLC发送检测信号
2025-01-20 16:10:35,660 - INFO - 模拟PLC发送检测信号
2025-01-20 16:10:40,662 - INFO - 模拟PLC发送检测信号
2025-01-20 16:10:45,666 - INFO - 模拟PLC发送检测信号
2025-01-20 16:10:50,669 - INFO - 模拟PLC发送检测信号
2025-01-20 16:10:55,671 - INFO - 模拟PLC发送检测信号
2025-01-20 16:11:00,677 - INFO - 模拟PLC发送检测信号
2025-01-20 16:11:05,682 - INFO - 模拟PLC发送检测信号
2025-01-20 16:11:10,684 - INFO - 模拟PLC发送检测信号
2025-01-20 16:11:15,688 - INFO - 模拟PLC发送检测信号
2025-01-20 16:11:20,692 - INFO - 模拟PLC发送检测信号
2025-01-20 16:11:25,699 - INFO - 模拟PLC发送检测信号
2025-01-20 16:11:30,702 - INFO - 模拟PLC发送检测信号
2025-01-20 16:11:35,706 - INFO - 模拟PLC发送检测信号
2025-01-20 16:11:40,710 - INFO - 模拟PLC发送检测信号
2025-01-20 16:11:45,716 - INFO - 模拟PLC发送检测信号
2025-01-20 16:11:50,722 - INFO - 模拟PLC发送检测信号
2025-01-20 16:11:55,728 - INFO - 模拟PLC发送检测信号
2025-01-20 16:12:00,729 - INFO - 模拟PLC发送检测信号
2025-01-20 16:12:05,735 - INFO - 模拟PLC发送检测信号
2025-01-20 16:12:10,740 - INFO - 模拟PLC发送检测信号
2025-01-20 16:12:15,744 - INFO - 模拟PLC发送检测信号
2025-01-20 16:12:20,747 - INFO - 模拟PLC发送检测信号
2025-01-20 16:12:25,753 - INFO - 模拟PLC发送检测信号
2025-01-20 16:12:30,756 - INFO - 模拟PLC发送检测信号
2025-01-20 16:12:35,759 - INFO - 模拟PLC发送检测信号
2025-01-20 16:12:40,763 - INFO - 模拟PLC发送检测信号
2025-01-20 16:12:45,768 - INFO - 模拟PLC发送检测信号
2025-01-20 16:12:45,971 - INFO - 192.168.1.58 - - [20/Jan/2025 16:12:45] "GET /socket.io/?transport=polling&b64=1&EIO=4 HTTP/1.1" 200 -
2025-01-20 16:12:46,033 - INFO - 客户端连接: 49Igrk-tSjHrTivkAAAF
2025-01-20 16:12:46,034 - INFO - 192.168.1.58 - - [20/Jan/2025 16:12:46] "POST /socket.io/?transport=polling&b64=1&EIO=4&sid=IPsjfym8ZoU7GkJLAAAE HTTP/1.1" 200 -
2025-01-20 16:12:46,034 - INFO - 192.168.1.58 - - [20/Jan/2025 16:12:46] "GET /socket.io/?transport=polling&b64=1&EIO=4&sid=IPsjfym8ZoU7GkJLAAAE HTTP/1.1" 200 -
2025-01-20 16:12:46,062 - INFO - 192.168.1.58 - - [20/Jan/2025 16:12:46] "GET /socket.io/?transport=polling&b64=1&EIO=4&sid=IPsjfym8ZoU7GkJLAAAE HTTP/1.1" 200 -
2025-01-20 16:12:50,771 - INFO - 模拟PLC发送检测信号
2025-01-20 16:12:55,773 - INFO - 模拟PLC发送检测信号
2025-01-20 16:13:00,779 - INFO - 模拟PLC发送检测信号
2025-01-20 16:13:05,783 - INFO - 模拟PLC发送检测信号
2025-01-20 16:13:10,784 - INFO - 模拟PLC发送检测信号
2025-01-20 16:13:15,786 - INFO - 模拟PLC发送检测信号
2025-01-20 16:13:20,792 - INFO - 模拟PLC发送检测信号
2025-01-20 16:13:25,795 - INFO - 模拟PLC发送检测信号
2025-01-20 16:13:30,796 - INFO - 模拟PLC发送检测信号
2025-01-20 16:13:35,803 - INFO - 模拟PLC发送检测信号
2025-01-20 16:13:40,809 - INFO - 模拟PLC发送检测信号
2025-01-20 16:13:45,813 - INFO - 模拟PLC发送检测信号
2025-01-20 16:13:50,820 - INFO - 模拟PLC发送检测信号
2025-01-20 16:13:55,823 - INFO - 模拟PLC发送检测信号
2025-01-20 16:14:00,824 - INFO - 模拟PLC发送检测信号
2025-01-20 16:14:05,828 - INFO - 模拟PLC发送检测信号
2025-01-20 16:14:07,589 - INFO - 客户端断开: 49Igrk-tSjHrTivkAAAF
2025-01-20 16:14:07,591 - INFO - 192.168.1.58 - - [20/Jan/2025 16:14:07] "GET /socket.io/?transport=websocket&EIO=4&sid=IPsjfym8ZoU7GkJLAAAE HTTP/1.1" 200 -
2025-01-20 16:14:10,833 - INFO - 模拟PLC发送检测信号
2025-01-20 16:14:15,836 - INFO - 模拟PLC发送检测信号
2025-01-20 16:14:20,841 - INFO - 模拟PLC发送检测信号
2025-01-20 16:14:25,848 - INFO - 模拟PLC发送检测信号
2025-01-20 16:14:30,855 - INFO - 模拟PLC发送检测信号
2025-01-20 16:14:35,858 - INFO - 模拟PLC发送检测信号
2025-01-20 16:14:40,862 - INFO - 模拟PLC发送检测信号
2025-01-20 16:14:45,867 - INFO - 模拟PLC发送检测信号
2025-01-20 16:14:50,870 - INFO - 模拟PLC发送检测信号
2025-01-20 16:14:55,877 - INFO - 模拟PLC发送检测信号
2025-01-20 16:15:00,883 - INFO - 模拟PLC发送检测信号
2025-01-20 16:15:05,887 - INFO - 模拟PLC发送检测信号
2025-01-20 16:15:10,892 - INFO - 模拟PLC发送检测信号
2025-01-20 16:15:15,897 - INFO - 模拟PLC发送检测信号
2025-01-20 16:15:20,903 - INFO - 模拟PLC发送检测信号
2025-01-20 16:15:25,904 - INFO - 模拟PLC发送检测信号
2025-01-20 16:15:30,906 - INFO - 模拟PLC发送检测信号
2025-01-20 16:15:35,911 - INFO - 模拟PLC发送检测信号
2025-01-20 16:15:40,914 - INFO - 模拟PLC发送检测信号
2025-01-20 16:15:45,920 - INFO - 模拟PLC发送检测信号
2025-01-20 16:15:50,925 - INFO - 模拟PLC发送检测信号
2025-01-20 16:15:55,930 - INFO - 模拟PLC发送检测信号
2025-01-20 16:16:00,934 - INFO - 模拟PLC发送检测信号
2025-01-20 16:16:05,938 - INFO - 模拟PLC发送检测信号
2025-01-20 16:16:10,940 - INFO - 模拟PLC发送检测信号
2025-01-20 16:16:15,941 - INFO - 模拟PLC发送检测信号
2025-01-20 16:16:20,944 - INFO - 模拟PLC发送检测信号
2025-01-20 16:16:25,946 - INFO - 模拟PLC发送检测信号
2025-01-20 16:16:30,948 - INFO - 模拟PLC发送检测信号
2025-01-20 16:16:35,953 - INFO - 模拟PLC发送检测信号
2025-01-20 16:16:40,954 - INFO - 模拟PLC发送检测信号
2025-01-20 16:16:45,956 - INFO - 模拟PLC发送检测信号
2025-01-20 16:16:50,961 - INFO - 模拟PLC发送检测信号
2025-01-20 16:16:55,963 - INFO - 模拟PLC发送检测信号
2025-01-20 16:17:00,966 - INFO - 模拟PLC发送检测信号
2025-01-20 16:17:05,970 - INFO - 模拟PLC发送检测信号
2025-01-20 16:17:10,974 - INFO - 模拟PLC发送检测信号
2025-01-20 16:17:15,975 - INFO - 模拟PLC发送检测信号
2025-01-20 16:17:20,981 - INFO - 模拟PLC发送检测信号
2025-01-20 16:17:25,984 - INFO - 模拟PLC发送检测信号
2025-01-20 16:17:30,988 - INFO - 模拟PLC发送检测信号
2025-01-20 16:17:35,992 - INFO - 模拟PLC发送检测信号
2025-01-20 16:17:40,998 - INFO - 模拟PLC发送检测信号
2025-01-20 16:17:46,002 - INFO - 模拟PLC发送检测信号
2025-01-20 16:17:51,004 - INFO - 模拟PLC发送检测信号
2025-01-20 16:17:56,006 - INFO - 模拟PLC发送检测信号
2025-01-20 16:18:01,012 - INFO - 模拟PLC发送检测信号
2025-01-20 16:18:06,018 - INFO - 模拟PLC发送检测信号
2025-01-20 16:18:11,021 - INFO - 模拟PLC发送检测信号
2025-01-20 16:18:16,027 - INFO - 模拟PLC发送检测信号
2025-01-20 16:18:21,031 - INFO - 模拟PLC发送检测信号
2025-01-20 16:18:26,037 - INFO - 模拟PLC发送检测信号
2025-01-20 16:18:31,044 - INFO - 模拟PLC发送检测信号
2025-01-20 16:18:36,050 - INFO - 模拟PLC发送检测信号
2025-01-20 16:18:41,055 - INFO - 模拟PLC发送检测信号
2025-01-20 16:18:46,059 - INFO - 模拟PLC发送检测信号
2025-01-20 16:18:51,065 - INFO - 模拟PLC发送检测信号
2025-01-20 16:18:56,071 - INFO - 模拟PLC发送检测信号
2025-01-20 16:19:01,074 - INFO - 模拟PLC发送检测信号
2025-01-20 16:19:06,079 - INFO - 模拟PLC发送检测信号
2025-01-20 16:19:11,084 - INFO - 模拟PLC发送检测信号
2025-01-20 16:19:16,090 - INFO - 模拟PLC发送检测信号
2025-01-20 16:19:21,091 - INFO - 模拟PLC发送检测信号
2025-01-20 16:19:26,097 - INFO - 模拟PLC发送检测信号
2025-01-20 16:19:31,099 - INFO - 模拟PLC发送检测信号
2025-01-20 16:19:36,106 - INFO - 模拟PLC发送检测信号
2025-01-20 16:19:41,110 - INFO - 模拟PLC发送检测信号
2025-01-20 16:19:46,113 - INFO - 模拟PLC发送检测信号
2025-01-20 16:19:51,119 - INFO - 模拟PLC发送检测信号
2025-01-20 16:19:56,125 - INFO - 模拟PLC发送检测信号
2025-01-20 16:20:01,130 - INFO - 模拟PLC发送检测信号
2025-01-20 16:20:06,137 - INFO - 模拟PLC发送检测信号
2025-01-20 16:20:11,140 - INFO - 模拟PLC发送检测信号
2025-01-20 16:20:16,145 - INFO - 模拟PLC发送检测信号
2025-01-20 16:20:21,151 - INFO - 模拟PLC发送检测信号
2025-01-20 16:20:26,153 - INFO - 模拟PLC发送检测信号
2025-01-20 16:20:31,157 - INFO - 模拟PLC发送检测信号
2025-01-20 16:20:36,159 - INFO - 模拟PLC发送检测信号
2025-01-20 16:20:41,166 - INFO - 模拟PLC发送检测信号
2025-01-20 16:20:46,167 - INFO - 模拟PLC发送检测信号
2025-01-20 16:20:51,171 - INFO - 模拟PLC发送检测信号
2025-01-20 16:20:56,174 - INFO - 模拟PLC发送检测信号
2025-01-20 16:21:01,180 - INFO - 模拟PLC发送检测信号
2025-01-20 16:21:06,186 - INFO - 模拟PLC发送检测信号
2025-01-20 16:21:11,191 - INFO - 模拟PLC发送检测信号
2025-01-20 16:21:16,196 - INFO - 模拟PLC发送检测信号
2025-01-20 16:21:21,199 - INFO - 模拟PLC发送检测信号
2025-01-20 16:21:26,204 - INFO - 模拟PLC发送检测信号
2025-01-20 16:21:31,207 - INFO - 模拟PLC发送检测信号
2025-01-20 16:21:36,214 - INFO - 模拟PLC发送检测信号
2025-01-20 16:21:41,225 - INFO - 模拟PLC发送检测信号
2025-01-20 16:21:46,236 - INFO - 模拟PLC发送检测信号
2025-01-20 16:21:51,240 - INFO - 模拟PLC发送检测信号
2025-01-20 16:21:56,246 - INFO - 模拟PLC发送检测信号
2025-01-20 16:22:01,249 - INFO - 模拟PLC发送检测信号
2025-01-20 16:22:06,259 - INFO - 模拟PLC发送检测信号
2025-01-20 16:22:11,269 - INFO - 模拟PLC发送检测信号
2025-01-20 16:22:16,277 - INFO - 模拟PLC发送检测信号
2025-01-20 16:22:21,280 - INFO - 模拟PLC发送检测信号
2025-01-20 16:22:26,287 - INFO - 模拟PLC发送检测信号
2025-01-20 16:22:31,288 - INFO - 模拟PLC发送检测信号
2025-01-20 16:22:36,293 - INFO - 模拟PLC发送检测信号
2025-01-20 16:22:41,304 - INFO - 模拟PLC发送检测信号
2025-01-20 16:22:46,310 - INFO - 模拟PLC发送检测信号
2025-01-20 16:22:51,322 - INFO - 模拟PLC发送检测信号
2025-01-20 16:22:56,333 - INFO - 模拟PLC发送检测信号
2025-01-20 16:23:01,343 - INFO - 模拟PLC发送检测信号
2025-01-20 16:23:06,348 - INFO - 模拟PLC发送检测信号
2025-01-20 16:23:11,360 - INFO - 模拟PLC发送检测信号
2025-01-20 16:23:16,363 - INFO - 模拟PLC发送检测信号
2025-01-20 16:23:21,374 - INFO - 模拟PLC发送检测信号
2025-01-20 16:23:26,376 - INFO - 模拟PLC发送检测信号
2025-01-20 16:23:31,381 - INFO - 模拟PLC发送检测信号
2025-01-20 16:23:36,384 - INFO - 模拟PLC发送检测信号
2025-01-20 16:23:41,394 - INFO - 模拟PLC发送检测信号
2025-01-20 16:23:46,401 - INFO - 模拟PLC发送检测信号
2025-01-20 16:23:51,405 - INFO - 模拟PLC发送检测信号
2025-01-20 16:23:56,412 - INFO - 模拟PLC发送检测信号
2025-01-20 16:24:01,420 - INFO - 模拟PLC发送检测信号
2025-01-20 16:24:06,428 - INFO - 模拟PLC发送检测信号
2025-01-20 16:24:11,438 - INFO - 模拟PLC发送检测信号
2025-01-20 16:24:16,439 - INFO - 模拟PLC发送检测信号
2025-01-20 16:24:21,447 - INFO - 模拟PLC发送检测信号
2025-01-20 16:24:26,457 - INFO - 模拟PLC发送检测信号
2025-01-20 16:24:31,464 - INFO - 模拟PLC发送检测信号
2025-01-20 16:24:36,470 - INFO - 模拟PLC发送检测信号
2025-01-20 16:24:41,480 - INFO - 模拟PLC发送检测信号
2025-01-20 16:24:46,485 - INFO - 模拟PLC发送检测信号
2025-01-20 16:24:51,495 - INFO - 模拟PLC发送检测信号
2025-01-20 16:24:56,506 - INFO - 模拟PLC发送检测信号
2025-01-20 16:25:01,510 - INFO - 模拟PLC发送检测信号
2025-01-20 16:25:06,521 - INFO - 模拟PLC发送检测信号
2025-01-20 16:25:11,532 - INFO - 模拟PLC发送检测信号
2025-01-20 16:25:16,536 - INFO - 模拟PLC发送检测信号
2025-01-20 16:25:21,537 - INFO - 模拟PLC发送检测信号
2025-01-20 16:25:26,534 - INFO - 模拟PLC发送检测信号
2025-01-20 16:25:31,533 - INFO - 模拟PLC发送检测信号
2025-01-20 16:25:36,533 - INFO - 模拟PLC发送检测信号
2025-01-20 16:25:41,533 - INFO - 模拟PLC发送检测信号
2025-01-20 16:25:46,540 - INFO - 模拟PLC发送检测信号
2025-01-20 16:25:51,543 - INFO - 模拟PLC发送检测信号
2025-01-20 16:25:56,550 - INFO - 模拟PLC发送检测信号
2025-01-20 16:26:01,550 - INFO - 模拟PLC发送检测信号
2025-01-20 16:26:06,556 - INFO - 模拟PLC发送检测信号
2025-01-20 16:26:11,566 - INFO - 模拟PLC发送检测信号
2025-01-20 16:26:16,567 - INFO - 模拟PLC发送检测信号
2025-01-20 16:26:21,574 - INFO - 模拟PLC发送检测信号
2025-01-20 16:26:26,578 - INFO - 模拟PLC发送检测信号
2025-01-20 16:26:31,588 - INFO - 模拟PLC发送检测信号
2025-01-20 16:26:36,682 - INFO - 模拟PLC发送检测信号
2025-01-20 16:27:00,167 - INFO - 模拟PLC发送检测信号
2025-01-20 16:27:05,170 - INFO - 模拟PLC发送检测信号
2025-01-20 16:27:10,176 - INFO - 模拟PLC发送检测信号
2025-01-20 16:27:15,183 - INFO - 模拟PLC发送检测信号
2025-01-20 16:27:20,187 - INFO - 模拟PLC发送检测信号
2025-01-20 16:27:24,841 - INFO - 关闭服务器
2025-01-20 16:27:24,842 - INFO - 关闭模拟PLC连接
2025-01-20 16:27:25,188 - INFO - 模拟PLC发送检测信号
2025-01-20 16:43:35,052 - INFO - 初始化系统组件
2025-01-20 16:43:35,052 - INFO - 初始化模拟PLC连接
2025-01-20 16:43:35,052 - INFO - 系统组件初始化完成
2025-01-20 16:43:35,053 - INFO - 启动测试服务器
2025-01-20 16:43:35,060 - WARNING -  * Running on all addresses.
   WARNING: This is a development server. Do not use it in a production deployment.
2025-01-20 16:43:35,060 - INFO -  * Running on http://198.18.0.1:8080/ (Press CTRL+C to quit)
2025-01-20 16:43:40,069 - INFO - 模拟PLC发送检测信号
2025-01-20 16:43:45,075 - INFO - 模拟PLC发送检测信号
2025-01-20 16:43:46,761 - INFO - 关闭服务器
2025-01-20 16:43:46,761 - INFO - 关闭模拟PLC连接
2025-01-20 16:43:50,082 - INFO - 模拟PLC发送检测信号
2025-01-20 16:43:53,082 - INFO - 初始化系统组件
2025-01-20 16:43:53,082 - INFO - 初始化模拟PLC连接
2025-01-20 16:43:53,083 - INFO - 系统组件初始化完成
2025-01-20 16:43:53,084 - INFO - 启动测试服务器
2025-01-20 16:43:53,090 - WARNING -  * Running on all addresses.
   WARNING: This is a development server. Do not use it in a production deployment.
2025-01-20 16:43:53,091 - INFO -  * Running on http://198.18.0.1:8080/ (Press CTRL+C to quit)
2025-01-20 16:44:13,101 - INFO - 模拟PLC发送检测信号
2025-01-20 16:44:33,105 - INFO - 模拟PLC发送检测信号
2025-01-20 16:44:53,109 - INFO - 模拟PLC发送检测信号
2025-01-20 16:45:13,115 - INFO - 模拟PLC发送检测信号
2025-01-20 16:45:33,119 - INFO - 模拟PLC发送检测信号
2025-01-20 16:45:53,122 - INFO - 模拟PLC发送检测信号
2025-01-20 16:46:13,127 - INFO - 模拟PLC发送检测信号
2025-01-20 16:46:33,130 - INFO - 模拟PLC发送检测信号
2025-01-20 16:46:53,135 - INFO - 模拟PLC发送检测信号
2025-01-20 16:47:13,140 - INFO - 模拟PLC发送检测信号
2025-01-20 16:47:33,146 - INFO - 模拟PLC发送检测信号
2025-01-20 16:47:53,151 - INFO - 模拟PLC发送检测信号
2025-01-20 16:48:13,157 - INFO - 模拟PLC发送检测信号
2025-01-20 16:48:33,159 - INFO - 模拟PLC发送检测信号
2025-01-20 16:48:53,161 - INFO - 模拟PLC发送检测信号
2025-01-20 16:49:13,168 - INFO - 模拟PLC发送检测信号
2025-01-20 16:49:33,172 - INFO - 模拟PLC发送检测信号
2025-01-20 16:49:53,177 - INFO - 模拟PLC发送检测信号
2025-01-20 16:50:13,181 - INFO - 模拟PLC发送检测信号
2025-01-20 16:50:33,188 - INFO - 模拟PLC发送检测信号
2025-01-20 16:50:53,193 - INFO - 模拟PLC发送检测信号
2025-01-20 16:51:13,200 - INFO - 模拟PLC发送检测信号
2025-01-20 16:51:33,204 - INFO - 模拟PLC发送检测信号
2025-01-20 16:51:53,211 - INFO - 模拟PLC发送检测信号
2025-01-20 16:52:13,217 - INFO - 模拟PLC发送检测信号
2025-01-20 16:52:33,224 - INFO - 模拟PLC发送检测信号
2025-01-20 16:52:53,229 - INFO - 模拟PLC发送检测信号
2025-01-20 16:53:13,234 - INFO - 模拟PLC发送检测信号
2025-01-20 16:53:33,238 - INFO - 模拟PLC发送检测信号
2025-01-20 16:53:53,243 - INFO - 模拟PLC发送检测信号
2025-01-20 16:54:13,249 - INFO - 模拟PLC发送检测信号
2025-01-20 16:54:33,257 - INFO - 模拟PLC发送检测信号
2025-01-20 16:54:53,264 - INFO - 模拟PLC发送检测信号
2025-01-20 16:55:13,279 - INFO - 模拟PLC发送检测信号
2025-01-20 16:55:33,283 - INFO - 模拟PLC发送检测信号
2025-01-20 16:55:53,287 - INFO - 模拟PLC发送检测信号
2025-01-20 16:56:13,294 - INFO - 模拟PLC发送检测信号
2025-01-20 16:56:33,301 - INFO - 模拟PLC发送检测信号
2025-01-20 16:56:53,308 - INFO - 模拟PLC发送检测信号
2025-01-20 16:57:13,312 - INFO - 模拟PLC发送检测信号
2025-01-20 16:57:33,317 - INFO - 模拟PLC发送检测信号
2025-01-20 16:57:53,321 - INFO - 模拟PLC发送检测信号
2025-01-20 16:58:13,326 - INFO - 模拟PLC发送检测信号
2025-01-20 16:58:33,334 - INFO - 模拟PLC发送检测信号
2025-01-20 16:58:53,341 - INFO - 模拟PLC发送检测信号
2025-01-20 16:59:13,345 - INFO - 模拟PLC发送检测信号
2025-01-20 16:59:33,350 - INFO - 模拟PLC发送检测信号
2025-01-20 16:59:53,355 - INFO - 模拟PLC发送检测信号
2025-01-20 17:00:13,359 - INFO - 模拟PLC发送检测信号
2025-01-20 17:00:33,363 - INFO - 模拟PLC发送检测信号
2025-01-20 17:00:53,367 - INFO - 模拟PLC发送检测信号
2025-01-20 17:01:13,374 - INFO - 模拟PLC发送检测信号
2025-01-20 17:01:33,377 - INFO - 模拟PLC发送检测信号
2025-01-20 17:01:53,386 - INFO - 模拟PLC发送检测信号
2025-01-20 17:02:13,392 - INFO - 模拟PLC发送检测信号
2025-01-20 17:02:33,400 - INFO - 模拟PLC发送检测信号
2025-01-20 17:02:53,403 - INFO - 模拟PLC发送检测信号
2025-01-20 17:03:13,408 - INFO - 模拟PLC发送检测信号
2025-01-20 17:03:33,411 - INFO - 模拟PLC发送检测信号
2025-01-20 17:03:53,414 - INFO - 模拟PLC发送检测信号
2025-01-20 17:04:13,420 - INFO - 模拟PLC发送检测信号
2025-01-20 17:04:33,427 - INFO - 模拟PLC发送检测信号
2025-01-20 17:04:53,430 - INFO - 模拟PLC发送检测信号
2025-01-20 17:05:13,436 - INFO - 模拟PLC发送检测信号
2025-01-20 17:05:33,441 - INFO - 模拟PLC发送检测信号
2025-01-20 17:05:53,444 - INFO - 模拟PLC发送检测信号
2025-01-20 17:06:13,451 - INFO - 模拟PLC发送检测信号
2025-01-20 17:06:33,457 - INFO - 模拟PLC发送检测信号
2025-01-20 17:06:53,464 - INFO - 模拟PLC发送检测信号
2025-01-20 17:07:13,473 - INFO - 模拟PLC发送检测信号
2025-01-20 17:07:33,476 - INFO - 模拟PLC发送检测信号
2025-01-20 17:07:53,482 - INFO - 模拟PLC发送检测信号
2025-01-20 17:08:13,487 - INFO - 模拟PLC发送检测信号
2025-01-20 17:08:33,493 - INFO - 模拟PLC发送检测信号
2025-01-20 17:08:53,499 - INFO - 模拟PLC发送检测信号
2025-01-20 17:09:13,503 - INFO - 模拟PLC发送检测信号
2025-01-20 17:09:33,512 - INFO - 模拟PLC发送检测信号
2025-01-20 17:09:53,520 - INFO - 模拟PLC发送检测信号
2025-01-20 17:10:13,525 - INFO - 模拟PLC发送检测信号
2025-01-20 17:10:33,530 - INFO - 模拟PLC发送检测信号
2025-01-20 17:10:53,535 - INFO - 模拟PLC发送检测信号
2025-01-20 17:11:13,539 - INFO - 模拟PLC发送检测信号
2025-01-20 17:11:33,543 - INFO - 模拟PLC发送检测信号
2025-01-20 17:11:53,546 - INFO - 模拟PLC发送检测信号
2025-01-20 17:12:13,550 - INFO - 模拟PLC发送检测信号
2025-01-20 17:12:33,554 - INFO - 模拟PLC发送检测信号
2025-01-20 17:12:53,555 - INFO - 模拟PLC发送检测信号
2025-01-20 17:13:13,552 - INFO - 模拟PLC发送检测信号
2025-01-20 17:13:33,552 - INFO - 模拟PLC发送检测信号
2025-01-20 17:13:53,556 - INFO - 模拟PLC发送检测信号
2025-01-20 17:14:13,561 - INFO - 模拟PLC发送检测信号
2025-01-20 17:14:33,569 - INFO - 模拟PLC发送检测信号
2025-01-20 17:14:53,576 - INFO - 模拟PLC发送检测信号
2025-01-20 17:15:13,579 - INFO - 模拟PLC发送检测信号
2025-01-20 17:15:33,585 - INFO - 模拟PLC发送检测信号
2025-01-20 17:15:53,591 - INFO - 模拟PLC发送检测信号
2025-01-20 17:16:13,597 - INFO - 模拟PLC发送检测信号
2025-01-20 17:16:33,600 - INFO - 模拟PLC发送检测信号
2025-01-20 17:16:53,607 - INFO - 模拟PLC发送检测信号
2025-01-20 17:17:13,615 - INFO - 模拟PLC发送检测信号
2025-01-20 17:17:33,623 - INFO - 模拟PLC发送检测信号
2025-01-20 17:17:53,631 - INFO - 模拟PLC发送检测信号
2025-01-20 17:18:13,636 - INFO - 模拟PLC发送检测信号
2025-01-20 17:18:33,641 - INFO - 模拟PLC发送检测信号
2025-01-20 17:18:53,657 - INFO - 模拟PLC发送检测信号
2025-01-20 17:18:53,890 - INFO - 关闭服务器
2025-01-20 17:18:53,890 - INFO - 关闭模拟PLC连接
2025-01-20 17:19:13,758 - INFO - 模拟PLC发送检测信号
2025-01-20 17:19:15,423 - INFO - 初始化系统组件
2025-01-20 17:19:15,424 - INFO - 初始化模拟PLC连接
2025-01-20 17:19:15,424 - INFO - 系统组件初始化完成
2025-01-20 17:19:15,425 - INFO - 启动测试服务器
2025-01-20 17:19:15,433 - WARNING -  * Running on all addresses.
   WARNING: This is a development server. Do not use it in a production deployment.
2025-01-20 17:19:15,433 - INFO -  * Running on http://198.18.0.1:8080/ (Press CTRL+C to quit)
2025-01-20 17:19:35,441 - INFO - 模拟PLC发送检测信号
2025-01-20 17:19:55,448 - INFO - 模拟PLC发送检测信号
2025-01-20 17:20:15,451 - INFO - 模拟PLC发送检测信号
2025-01-20 17:20:35,458 - INFO - 模拟PLC发送检测信号
2025-01-20 17:20:55,465 - INFO - 模拟PLC发送检测信号
2025-01-20 17:21:15,469 - INFO - 模拟PLC发送检测信号
2025-01-20 17:21:35,475 - INFO - 模拟PLC发送检测信号
2025-01-20 17:21:55,484 - INFO - 模拟PLC发送检测信号
2025-01-20 17:22:15,488 - INFO - 模拟PLC发送检测信号
2025-01-20 17:22:35,493 - INFO - 模拟PLC发送检测信号
2025-01-20 17:22:55,499 - INFO - 模拟PLC发送检测信号
2025-01-20 17:23:15,507 - INFO - 模拟PLC发送检测信号
2025-01-20 17:23:35,514 - INFO - 模拟PLC发送检测信号
2025-01-20 17:23:55,522 - INFO - 模拟PLC发送检测信号
2025-01-20 17:24:15,530 - INFO - 模拟PLC发送检测信号
2025-01-20 17:24:35,561 - INFO - 模拟PLC发送检测信号
2025-01-20 17:24:55,573 - INFO - 模拟PLC发送检测信号
2025-01-20 17:25:15,577 - INFO - 模拟PLC发送检测信号
2025-01-20 17:25:35,583 - INFO - 模拟PLC发送检测信号
2025-01-20 17:25:55,585 - INFO - 模拟PLC发送检测信号
2025-01-20 17:26:13,453 - INFO - 192.168.1.58 - - [20/Jan/2025 17:26:13] "GET /socket.io/?transport=polling&b64=1&EIO=4 HTTP/1.1" 200 -
2025-01-20 17:26:13,517 - INFO - 客户端连接: OAMIBynP_IoKekSjAAAB
2025-01-20 17:26:13,518 - INFO - 192.168.1.58 - - [20/Jan/2025 17:26:13] "POST /socket.io/?transport=polling&b64=1&EIO=4&sid=KInHl8ro2PMXkSlxAAAA HTTP/1.1" 200 -
2025-01-20 17:26:13,518 - INFO - 192.168.1.58 - - [20/Jan/2025 17:26:13] "GET /socket.io/?transport=polling&b64=1&EIO=4&sid=KInHl8ro2PMXkSlxAAAA HTTP/1.1" 200 -
2025-01-20 17:26:13,544 - INFO - 192.168.1.58 - - [20/Jan/2025 17:26:13] "GET /socket.io/?transport=polling&b64=1&EIO=4&sid=KInHl8ro2PMXkSlxAAAA HTTP/1.1" 200 -
2025-01-20 17:26:15,591 - INFO - 模拟PLC发送检测信号
2025-01-20 17:26:35,596 - INFO - 模拟PLC发送检测信号
2025-01-20 17:26:40,215 - INFO - 客户端断开: OAMIBynP_IoKekSjAAAB
2025-01-20 17:26:55,601 - INFO - 模拟PLC发送检测信号
2025-01-20 17:27:15,605 - INFO - 模拟PLC发送检测信号
2025-01-20 17:27:35,611 - INFO - 模拟PLC发送检测信号
2025-01-20 17:27:55,616 - INFO - 模拟PLC发送检测信号
2025-01-20 17:28:15,596 - INFO - 关闭服务器
2025-01-20 17:28:15,597 - INFO - 关闭模拟PLC连接
2025-01-20 17:28:15,619 - INFO - 模拟PLC发送检测信号
2025-01-20 17:35:28,355 - INFO - 初始化系统组件
2025-01-20 17:35:28,355 - INFO - 初始化模拟PLC连接
2025-01-20 17:35:28,356 - INFO - 系统组件初始化完成
2025-01-20 17:35:28,357 - INFO - 启动测试服务器
2025-01-20 17:35:28,362 - WARNING -  * Running on all addresses.
   WARNING: This is a development server. Do not use it in a production deployment.
2025-01-20 17:35:28,362 - INFO -  * Running on http://198.18.0.1:8080/ (Press CTRL+C to quit)
2025-01-20 17:35:45,002 - INFO - 192.168.1.58 - - [20/Jan/2025 17:35:45] "GET /socket.io/?transport=polling&b64=1&EIO=4 HTTP/1.1" 200 -
2025-01-20 17:35:45,148 - INFO - 192.168.1.58 - - [20/Jan/2025 17:35:45] "GET /socket.io/?transport=polling&b64=1&EIO=4&sid=HnBgr02UvV4yU3sKAAAA HTTP/1.1" 200 -
2025-01-20 17:35:45,150 - INFO - 客户端连接: ZleyZsj5tdlSLhNNAAAB
2025-01-20 17:35:45,150 - INFO - 192.168.1.58 - - [20/Jan/2025 17:35:45] "POST /socket.io/?transport=polling&b64=1&EIO=4&sid=HnBgr02UvV4yU3sKAAAA HTTP/1.1" 200 -
2025-01-20 17:35:45,181 - INFO - 192.168.1.58 - - [20/Jan/2025 17:35:45] "GET /socket.io/?transport=polling&b64=1&EIO=4&sid=HnBgr02UvV4yU3sKAAAA HTTP/1.1" 200 -
2025-01-20 17:35:48,355 - INFO - 客户端断开: ZleyZsj5tdlSLhNNAAAB
2025-01-20 17:35:48,356 - INFO - 192.168.1.58 - - [20/Jan/2025 17:35:48] "GET /socket.io/?transport=websocket&EIO=4&sid=HnBgr02UvV4yU3sKAAAA HTTP/1.1" 200 -
2025-01-20 17:35:48,372 - INFO - 模拟PLC发送检测信号
2025-01-20 17:36:08,378 - INFO - 模拟PLC发送检测信号
2025-01-20 17:36:28,380 - INFO - 模拟PLC发送检测信号
2025-01-20 17:36:48,386 - INFO - 模拟PLC发送检测信号
2025-01-20 17:37:08,392 - INFO - 模拟PLC发送检测信号
2025-01-20 17:37:28,399 - INFO - 模拟PLC发送检测信号
2025-01-20 17:37:48,403 - INFO - 模拟PLC发送检测信号
2025-01-20 17:38:08,408 - INFO - 模拟PLC发送检测信号
2025-01-20 17:38:28,414 - INFO - 模拟PLC发送检测信号
2025-01-20 17:38:48,416 - INFO - 模拟PLC发送检测信号
2025-01-20 17:39:08,421 - INFO - 模拟PLC发送检测信号
2025-01-20 17:39:28,423 - INFO - 模拟PLC发送检测信号
2025-01-20 17:39:48,426 - INFO - 模拟PLC发送检测信号
2025-01-20 17:40:08,430 - INFO - 模拟PLC发送检测信号
2025-01-20 17:40:28,441 - INFO - 模拟PLC发送检测信号
2025-01-20 17:40:48,447 - INFO - 模拟PLC发送检测信号
2025-01-20 17:41:08,454 - INFO - 模拟PLC发送检测信号
2025-01-20 17:41:28,459 - INFO - 模拟PLC发送检测信号
2025-01-20 17:41:48,460 - INFO - 模拟PLC发送检测信号
2025-01-20 17:42:08,462 - INFO - 模拟PLC发送检测信号
2025-01-20 17:42:28,468 - INFO - 模拟PLC发送检测信号
2025-01-20 17:42:48,471 - INFO - 模拟PLC发送检测信号
2025-01-20 17:43:08,477 - INFO - 模拟PLC发送检测信号
2025-01-20 17:43:28,484 - INFO - 模拟PLC发送检测信号
2025-01-20 17:43:48,488 - INFO - 模拟PLC发送检测信号
2025-01-20 17:44:08,502 - INFO - 模拟PLC发送检测信号
2025-01-20 17:44:28,507 - INFO - 模拟PLC发送检测信号
2025-01-20 17:44:48,512 - INFO - 模拟PLC发送检测信号
2025-01-20 17:45:08,514 - INFO - 模拟PLC发送检测信号
2025-01-20 17:45:28,519 - INFO - 模拟PLC发送检测信号
2025-01-20 17:45:48,520 - INFO - 模拟PLC发送检测信号
2025-01-20 17:46:08,522 - INFO - 模拟PLC发送检测信号
2025-01-20 17:46:28,527 - INFO - 模拟PLC发送检测信号
2025-01-20 17:46:48,535 - INFO - 模拟PLC发送检测信号
2025-01-20 17:47:08,541 - INFO - 模拟PLC发送检测信号
2025-01-20 17:47:28,546 - INFO - 模拟PLC发送检测信号
2025-01-20 17:47:48,550 - INFO - 模拟PLC发送检测信号
2025-01-20 17:48:08,553 - INFO - 模拟PLC发送检测信号
2025-01-20 17:48:28,563 - INFO - 模拟PLC发送检测信号
2025-01-20 17:48:48,567 - INFO - 模拟PLC发送检测信号
2025-01-20 17:49:08,570 - INFO - 模拟PLC发送检测信号
2025-01-20 17:49:28,574 - INFO - 模拟PLC发送检测信号
2025-01-20 17:49:48,577 - INFO - 模拟PLC发送检测信号
2025-01-20 17:50:08,583 - INFO - 模拟PLC发送检测信号
2025-01-20 17:50:28,585 - INFO - 模拟PLC发送检测信号
2025-01-20 17:50:48,591 - INFO - 模拟PLC发送检测信号
2025-01-20 17:51:08,595 - INFO - 模拟PLC发送检测信号
2025-01-20 17:51:28,599 - INFO - 模拟PLC发送检测信号
2025-01-20 17:51:48,601 - INFO - 模拟PLC发送检测信号
2025-01-20 17:52:08,607 - INFO - 模拟PLC发送检测信号
2025-01-20 17:52:28,612 - INFO - 模拟PLC发送检测信号
2025-01-20 17:52:48,622 - INFO - 模拟PLC发送检测信号
2025-01-20 17:53:08,627 - INFO - 模拟PLC发送检测信号
2025-01-20 17:53:28,642 - INFO - 模拟PLC发送检测信号
2025-01-20 17:53:48,649 - INFO - 模拟PLC发送检测信号
2025-01-20 17:54:08,653 - INFO - 模拟PLC发送检测信号
2025-01-20 17:54:12,812 - INFO - 192.168.1.58 - - [20/Jan/2025 17:54:12] "GET /socket.io/?transport=polling&b64=1&EIO=4 HTTP/1.1" 200 -
2025-01-20 17:54:12,976 - INFO - 客户端连接: i-lYtWeC6JmzrIv7AAAD
2025-01-20 17:54:12,977 - INFO - 192.168.1.58 - - [20/Jan/2025 17:54:12] "POST /socket.io/?transport=polling&b64=1&EIO=4&sid=qqNKQh-lgrjdu-AEAAAC HTTP/1.1" 200 -
2025-01-20 17:54:12,977 - INFO - 192.168.1.58 - - [20/Jan/2025 17:54:12] "GET /socket.io/?transport=polling&b64=1&EIO=4&sid=qqNKQh-lgrjdu-AEAAAC HTTP/1.1" 200 -
2025-01-20 17:54:13,005 - INFO - 192.168.1.58 - - [20/Jan/2025 17:54:13] "GET /socket.io/?transport=polling&b64=1&EIO=4&sid=qqNKQh-lgrjdu-AEAAAC HTTP/1.1" 200 -
2025-01-20 17:54:28,657 - INFO - 模拟PLC发送检测信号
2025-01-20 17:54:44,554 - INFO - 收到检测结果
2025-01-20 17:54:45,279 - INFO - 图片已保存: /Volumes/sandisk/Project/Swift/ml_scaner/ml_scanner_server/Images/OK/20250120_175444.jpg
2025-01-20 17:54:45,279 - INFO - 发送放行信号
2025-01-20 17:54:45,280 - INFO - 模拟发送PLC命令: 020600000003c9f8
2025-01-20 17:54:45,280 - INFO - 模拟PLC响应: 0206000000030000
2025-01-20 17:54:45,282 - INFO - 192.168.1.58 - - [20/Jan/2025 17:54:45] "POST /detection_result HTTP/1.1" 200 -
2025-01-20 17:54:48,661 - INFO - 模拟PLC发送检测信号
2025-01-20 17:54:51,155 - INFO - 收到检测结果
2025-01-20 17:54:52,084 - INFO - 图片已保存: /Volumes/sandisk/Project/Swift/ml_scaner/ml_scanner_server/Images/OK/20250120_175451.jpg
2025-01-20 17:54:52,085 - INFO - 发送放行信号
2025-01-20 17:54:52,085 - INFO - 模拟发送PLC命令: 020600000003c9f8
2025-01-20 17:54:52,085 - INFO - 模拟PLC响应: 0206000000030000
2025-01-20 17:54:52,086 - INFO - 192.168.1.58 - - [20/Jan/2025 17:54:52] "POST /detection_result HTTP/1.1" 200 -
2025-01-20 17:55:08,667 - INFO - 模拟PLC发送检测信号
2025-01-20 17:55:11,187 - INFO - 收到检测结果
2025-01-20 17:55:12,106 - INFO - 图片已保存: /Volumes/sandisk/Project/Swift/ml_scaner/ml_scanner_server/Images/OK/20250120_175511.jpg
2025-01-20 17:55:12,106 - INFO - 发送放行信号
2025-01-20 17:55:12,106 - INFO - 模拟发送PLC命令: 020600000003c9f8
2025-01-20 17:55:12,106 - INFO - 模拟PLC响应: 0206000000030000
2025-01-20 17:55:12,108 - INFO - 192.168.1.58 - - [20/Jan/2025 17:55:12] "POST /detection_result HTTP/1.1" 200 -
2025-01-20 17:55:28,672 - INFO - 模拟PLC发送检测信号
2025-01-20 17:55:30,914 - INFO - 收到检测结果
2025-01-20 17:55:31,586 - INFO - 图片已保存: /Volumes/sandisk/Project/Swift/ml_scaner/ml_scanner_server/Images/OK/20250120_175531.jpg
2025-01-20 17:55:31,586 - INFO - 发送放行信号
2025-01-20 17:55:31,586 - INFO - 模拟发送PLC命令: 020600000003c9f8
2025-01-20 17:55:31,586 - INFO - 模拟PLC响应: 0206000000030000
2025-01-20 17:55:31,587 - INFO - 192.168.1.58 - - [20/Jan/2025 17:55:31] "POST /detection_result HTTP/1.1" 200 -
2025-01-20 17:55:48,679 - INFO - 模拟PLC发送检测信号
2025-01-20 17:55:52,360 - INFO - 收到检测结果
2025-01-20 17:55:52,934 - INFO - 图片已保存: /Volumes/sandisk/Project/Swift/ml_scaner/ml_scanner_server/Images/OK/20250120_175552.jpg
2025-01-20 17:55:52,934 - INFO - 发送放行信号
2025-01-20 17:55:52,934 - INFO - 模拟发送PLC命令: 020600000003c9f8
2025-01-20 17:55:52,934 - INFO - 模拟PLC响应: 0206000000030000
2025-01-20 17:55:52,937 - INFO - 192.168.1.58 - - [20/Jan/2025 17:55:52] "POST /detection_result HTTP/1.1" 200 -
2025-01-20 17:56:08,686 - INFO - 模拟PLC发送检测信号
2025-01-20 17:56:12,728 - INFO - 收到检测结果
2025-01-20 17:56:13,208 - INFO - 图片已保存: /Volumes/sandisk/Project/Swift/ml_scaner/ml_scanner_server/Images/OK/20250120_175612.jpg
2025-01-20 17:56:13,208 - INFO - 发送放行信号
2025-01-20 17:56:13,208 - INFO - 模拟发送PLC命令: 020600000003c9f8
2025-01-20 17:56:13,208 - INFO - 模拟PLC响应: 0206000000030000
2025-01-20 17:56:13,209 - INFO - 192.168.1.58 - - [20/Jan/2025 17:56:13] "POST /detection_result HTTP/1.1" 200 -
2025-01-20 17:56:28,693 - INFO - 模拟PLC发送检测信号
2025-01-20 17:56:32,783 - INFO - 收到检测结果
2025-01-20 17:56:33,364 - INFO - 图片已保存: /Volumes/sandisk/Project/Swift/ml_scaner/ml_scanner_server/Images/OK/20250120_175633.jpg
2025-01-20 17:56:33,365 - INFO - 发送放行信号
2025-01-20 17:56:33,365 - INFO - 模拟发送PLC命令: 020600000003c9f8
2025-01-20 17:56:33,365 - INFO - 模拟PLC响应: 0206000000030000
2025-01-20 17:56:33,366 - INFO - 192.168.1.58 - - [20/Jan/2025 17:56:33] "POST /detection_result HTTP/1.1" 200 -
2025-01-20 17:56:48,701 - INFO - 模拟PLC发送检测信号
2025-01-20 17:56:52,250 - INFO - 收到检测结果
2025-01-20 17:56:52,992 - INFO - 图片已保存: /Volumes/sandisk/Project/Swift/ml_scaner/ml_scanner_server/Images/OK/20250120_175652.jpg
2025-01-20 17:56:52,992 - INFO - 发送放行信号
2025-01-20 17:56:52,992 - INFO - 模拟发送PLC命令: 020600000003c9f8
2025-01-20 17:56:52,992 - INFO - 模拟PLC响应: 0206000000030000
2025-01-20 17:56:52,993 - INFO - 192.168.1.58 - - [20/Jan/2025 17:56:52] "POST /detection_result HTTP/1.1" 200 -
2025-01-20 17:57:08,708 - INFO - 模拟PLC发送检测信号
2025-01-20 17:57:12,456 - INFO - 收到检测结果
2025-01-20 17:57:12,996 - INFO - 图片已保存: /Volumes/sandisk/Project/Swift/ml_scaner/ml_scanner_server/Images/OK/20250120_175712.jpg
2025-01-20 17:57:12,996 - INFO - 发送放行信号
2025-01-20 17:57:12,996 - INFO - 模拟发送PLC命令: 020600000003c9f8
2025-01-20 17:57:12,996 - INFO - 模拟PLC响应: 0206000000030000
2025-01-20 17:57:12,997 - INFO - 192.168.1.58 - - [20/Jan/2025 17:57:12] "POST /detection_result HTTP/1.1" 200 -
2025-01-20 17:57:28,712 - INFO - 模拟PLC发送检测信号
2025-01-20 17:57:32,587 - INFO - 收到检测结果
2025-01-20 17:57:33,238 - INFO - 图片已保存: /Volumes/sandisk/Project/Swift/ml_scaner/ml_scanner_server/Images/OK/20250120_175732.jpg
2025-01-20 17:57:33,238 - INFO - 发送放行信号
2025-01-20 17:57:33,238 - INFO - 模拟发送PLC命令: 020600000003c9f8
2025-01-20 17:57:33,238 - INFO - 模拟PLC响应: 0206000000030000
2025-01-20 17:57:33,240 - INFO - 192.168.1.58 - - [20/Jan/2025 17:57:33] "POST /detection_result HTTP/1.1" 200 -
2025-01-20 17:57:48,717 - INFO - 模拟PLC发送检测信号
2025-01-20 17:57:53,094 - INFO - 收到检测结果
2025-01-20 17:57:54,186 - INFO - 图片已保存: /Volumes/sandisk/Project/Swift/ml_scaner/ml_scanner_server/Images/OK/20250120_175753.jpg
2025-01-20 17:57:54,187 - INFO - 发送放行信号
2025-01-20 17:57:54,187 - INFO - 模拟发送PLC命令: 020600000003c9f8
2025-01-20 17:57:54,187 - INFO - 模拟PLC响应: 0206000000030000
2025-01-20 17:57:54,190 - INFO - 192.168.1.58 - - [20/Jan/2025 17:57:54] "POST /detection_result HTTP/1.1" 200 -
2025-01-20 17:58:08,725 - INFO - 模拟PLC发送检测信号
2025-01-20 17:58:10,906 - INFO - 收到检测结果
2025-01-20 17:58:11,834 - INFO - 图片已保存: /Volumes/sandisk/Project/Swift/ml_scaner/ml_scanner_server/Images/OK/20250120_175811.jpg
2025-01-20 17:58:11,835 - INFO - 发送放行信号
2025-01-20 17:58:11,835 - INFO - 模拟发送PLC命令: 020600000003c9f8
2025-01-20 17:58:11,835 - INFO - 模拟PLC响应: 0206000000030000
2025-01-20 17:58:11,836 - INFO - 192.168.1.58 - - [20/Jan/2025 17:58:11] "POST /detection_result HTTP/1.1" 200 -
2025-01-20 17:58:28,731 - INFO - 模拟PLC发送检测信号
2025-01-20 17:58:32,292 - INFO - 收到检测结果
2025-01-20 17:58:32,797 - INFO - 图片已保存: /Volumes/sandisk/Project/Swift/ml_scaner/ml_scanner_server/Images/OK/20250120_175832.jpg
2025-01-20 17:58:32,797 - INFO - 发送放行信号
2025-01-20 17:58:32,797 - INFO - 模拟发送PLC命令: 020600000003c9f8
2025-01-20 17:58:32,797 - INFO - 模拟PLC响应: 0206000000030000
2025-01-20 17:58:32,799 - INFO - 192.168.1.58 - - [20/Jan/2025 17:58:32] "POST /detection_result HTTP/1.1" 200 -
2025-01-20 17:58:48,736 - INFO - 模拟PLC发送检测信号
2025-01-20 17:58:52,480 - INFO - 收到检测结果
2025-01-20 17:58:53,004 - INFO - 图片已保存: /Volumes/sandisk/Project/Swift/ml_scaner/ml_scanner_server/Images/OK/20250120_175852.jpg
2025-01-20 17:58:53,004 - INFO - 发送放行信号
2025-01-20 17:58:53,004 - INFO - 模拟发送PLC命令: 020600000003c9f8
2025-01-20 17:58:53,004 - INFO - 模拟PLC响应: 0206000000030000
2025-01-20 17:58:53,006 - INFO - 192.168.1.58 - - [20/Jan/2025 17:58:53] "POST /detection_result HTTP/1.1" 200 -
2025-01-20 17:59:08,688 - INFO - 模拟PLC发送检测信号
2025-01-20 17:59:12,280 - INFO - 收到检测结果
2025-01-20 17:59:12,809 - INFO - 图片已保存: /Volumes/sandisk/Project/Swift/ml_scaner/ml_scanner_server/Images/OK/20250120_175912.jpg
2025-01-20 17:59:12,809 - INFO - 发送放行信号
2025-01-20 17:59:12,809 - INFO - 模拟发送PLC命令: 020600000003c9f8
2025-01-20 17:59:12,809 - INFO - 模拟PLC响应: 0206000000030000
2025-01-20 17:59:12,811 - INFO - 192.168.1.58 - - [20/Jan/2025 17:59:12] "POST /detection_result HTTP/1.1" 200 -
2025-01-20 17:59:28,695 - INFO - 模拟PLC发送检测信号
2025-01-20 17:59:32,305 - INFO - 收到检测结果
2025-01-20 17:59:33,024 - INFO - 图片已保存: /Volumes/sandisk/Project/Swift/ml_scaner/ml_scanner_server/Images/OK/20250120_175932.jpg
2025-01-20 17:59:33,024 - INFO - 发送放行信号
2025-01-20 17:59:33,024 - INFO - 模拟发送PLC命令: 020600000003c9f8
2025-01-20 17:59:33,024 - INFO - 模拟PLC响应: 0206000000030000
2025-01-20 17:59:33,026 - INFO - 192.168.1.58 - - [20/Jan/2025 17:59:33] "POST /detection_result HTTP/1.1" 200 -
2025-01-20 17:59:34,746 - INFO - 客户端断开: i-lYtWeC6JmzrIv7AAAD
2025-01-20 17:59:48,703 - INFO - 模拟PLC发送检测信号
2025-01-20 18:00:08,707 - INFO - 模拟PLC发送检测信号
2025-01-20 18:00:28,712 - INFO - 模拟PLC发送检测信号
2025-01-20 18:00:48,718 - INFO - 模拟PLC发送检测信号
2025-01-20 18:01:08,719 - INFO - 模拟PLC发送检测信号
2025-01-20 18:01:28,721 - INFO - 模拟PLC发送检测信号
2025-01-20 18:01:48,728 - INFO - 模拟PLC发送检测信号
2025-01-20 18:02:08,734 - INFO - 模拟PLC发送检测信号
2025-01-20 18:02:28,738 - INFO - 模拟PLC发送检测信号
2025-01-20 18:02:48,742 - INFO - 模拟PLC发送检测信号
2025-01-20 18:03:08,744 - INFO - 模拟PLC发送检测信号
2025-01-20 18:03:28,750 - INFO - 模拟PLC发送检测信号
2025-01-20 18:03:48,755 - INFO - 模拟PLC发送检测信号
2025-01-20 18:04:08,760 - INFO - 模拟PLC发送检测信号
2025-01-20 18:04:28,767 - INFO - 模拟PLC发送检测信号
2025-01-20 18:04:48,772 - INFO - 模拟PLC发送检测信号
2025-01-20 18:05:08,776 - INFO - 模拟PLC发送检测信号
2025-01-20 18:05:28,781 - INFO - 模拟PLC发送检测信号
2025-01-20 18:05:48,782 - INFO - 模拟PLC发送检测信号
2025-01-20 18:06:08,788 - INFO - 模拟PLC发送检测信号
2025-01-20 18:06:28,793 - INFO - 模拟PLC发送检测信号
2025-01-20 18:06:48,798 - INFO - 模拟PLC发送检测信号
2025-01-20 18:07:08,802 - INFO - 模拟PLC发送检测信号
2025-01-20 18:07:28,807 - INFO - 模拟PLC发送检测信号
2025-01-20 18:07:48,814 - INFO - 模拟PLC发送检测信号
2025-01-20 18:08:08,819 - INFO - 模拟PLC发送检测信号
2025-01-20 18:08:28,825 - INFO - 模拟PLC发送检测信号
2025-01-20 18:08:48,831 - INFO - 模拟PLC发送检测信号
2025-01-20 18:09:08,838 - INFO - 模拟PLC发送检测信号
2025-01-20 18:09:28,841 - INFO - 模拟PLC发送检测信号
2025-01-20 18:09:48,844 - INFO - 模拟PLC发送检测信号
2025-01-20 18:10:08,847 - INFO - 模拟PLC发送检测信号
2025-01-20 18:10:28,850 - INFO - 模拟PLC发送检测信号
2025-01-20 18:10:48,852 - INFO - 模拟PLC发送检测信号
2025-01-20 18:11:08,860 - INFO - 模拟PLC发送检测信号
2025-01-20 18:11:28,865 - INFO - 模拟PLC发送检测信号
2025-01-20 18:11:48,869 - INFO - 模拟PLC发送检测信号
2025-01-20 18:12:08,876 - INFO - 模拟PLC发送检测信号
2025-01-20 18:12:28,883 - INFO - 模拟PLC发送检测信号
2025-01-20 18:12:48,890 - INFO - 模拟PLC发送检测信号
2025-01-20 18:13:08,898 - INFO - 模拟PLC发送检测信号
2025-01-20 18:13:28,901 - INFO - 模拟PLC发送检测信号
2025-01-20 18:13:48,907 - INFO - 模拟PLC发送检测信号
2025-01-20 18:14:08,912 - INFO - 模拟PLC发送检测信号
2025-01-20 18:14:28,916 - INFO - 模拟PLC发送检测信号
2025-01-20 18:14:48,922 - INFO - 模拟PLC发送检测信号
2025-01-20 18:15:08,926 - INFO - 模拟PLC发送检测信号
2025-01-20 18:15:28,930 - INFO - 模拟PLC发送检测信号
2025-01-20 18:15:48,934 - INFO - 模拟PLC发送检测信号
2025-01-20 18:16:08,939 - INFO - 模拟PLC发送检测信号
2025-01-20 18:16:28,943 - INFO - 模拟PLC发送检测信号
2025-01-20 18:16:48,945 - INFO - 模拟PLC发送检测信号
2025-01-20 18:17:08,952 - INFO - 模拟PLC发送检测信号
2025-01-20 18:17:28,959 - INFO - 模拟PLC发送检测信号
2025-01-20 18:17:48,965 - INFO - 模拟PLC发送检测信号
2025-01-20 18:18:08,973 - INFO - 模拟PLC发送检测信号
2025-01-20 18:18:28,978 - INFO - 模拟PLC发送检测信号
2025-01-20 18:18:48,985 - INFO - 模拟PLC发送检测信号
2025-01-20 18:19:08,992 - INFO - 模拟PLC发送检测信号
2025-01-20 18:19:28,995 - INFO - 模拟PLC发送检测信号
2025-01-20 18:19:49,001 - INFO - 模拟PLC发送检测信号
2025-01-20 18:20:09,006 - INFO - 模拟PLC发送检测信号
2025-01-20 18:20:29,008 - INFO - 模拟PLC发送检测信号
2025-01-20 18:20:49,013 - INFO - 模拟PLC发送检测信号
2025-01-20 18:21:09,014 - INFO - 模拟PLC发送检测信号
2025-01-20 18:21:29,019 - INFO - 模拟PLC发送检测信号
2025-01-20 18:21:49,023 - INFO - 模拟PLC发送检测信号
2025-01-20 18:22:09,028 - INFO - 模拟PLC发送检测信号
2025-01-20 18:22:29,031 - INFO - 模拟PLC发送检测信号
2025-01-20 18:22:49,034 - INFO - 模拟PLC发送检测信号
2025-01-20 18:23:09,040 - INFO - 模拟PLC发送检测信号
2025-01-20 18:23:29,045 - INFO - 模拟PLC发送检测信号
2025-01-20 18:23:47,645 - INFO - 关闭服务器
2025-01-20 18:23:47,646 - INFO - 关闭模拟PLC连接
2025-01-20 18:23:49,049 - INFO - 模拟PLC发送检测信号
2025-03-18 10:52:31,258 - INFO - 开始自动查找PLC设备...
2025-03-18 10:52:31,259 - INFO - 发现以下COM端口: ['/dev/cu.debug-console', '/dev/cu.wlan-debug', '/dev/cu.Bluetooth-Incoming-Port']
2025-03-18 10:52:31,259 - INFO - 尝试连接端口: /dev/cu.debug-console
2025-03-18 10:52:31,259 - INFO - 尝试连接PLC - 端口: /dev/cu.debug-console, 波特率: 9600
2025-03-18 10:52:31,260 - INFO - PLC连接初始化成功
2025-03-18 10:52:31,260 - INFO - 成功连接到PLC设备，端口: /dev/cu.debug-console
2025-03-18 10:52:31,260 - INFO - PLC管理器初始化成功
2025-03-18 10:52:31,261 - WARNING -  * Running on all addresses.
   WARNING: This is a development server. Do not use it in a production deployment.
2025-03-18 10:52:31,261 - INFO -  * Running on http://198.18.0.1:8080/ (Press CTRL+C to quit)
2025-03-18 10:52:31,261 - INFO -  * Restarting with stat
2025-03-18 10:52:31,406 - INFO - 开始自动查找PLC设备...
2025-03-18 10:52:31,407 - INFO - 发现以下COM端口: ['/dev/cu.debug-console', '/dev/cu.wlan-debug', '/dev/cu.Bluetooth-Incoming-Port']
2025-03-18 10:52:31,407 - INFO - 尝试连接端口: /dev/cu.debug-console
2025-03-18 10:52:31,407 - INFO - 尝试连接PLC - 端口: /dev/cu.debug-console, 波特率: 9600
2025-03-18 10:52:31,407 - INFO - PLC连接初始化成功
2025-03-18 10:52:31,407 - INFO - 成功连接到PLC设备，端口: /dev/cu.debug-console
2025-03-18 10:52:31,407 - INFO - PLC管理器初始化成功
2025-03-18 10:52:31,408 - WARNING -  * Debugger is active!
2025-03-18 10:52:31,418 - INFO -  * Debugger PIN: 672-779-162
2025-03-18 11:13:41,037 - INFO -  * Detected change in '/Users/lion/Downloads/ml_scaner-main/ml_scanner_server/server/server.py', reloading
2025-03-18 11:13:41,041 - INFO - 关闭PLC连接
2025-03-18 11:13:41,132 - INFO -  * Restarting with stat
2025-03-18 11:13:41,427 - INFO - 开始自动查找PLC设备...
2025-03-18 11:13:41,429 - INFO - 发现以下COM端口: ['/dev/cu.debug-console', '/dev/cu.wlan-debug', '/dev/cu.Bluetooth-Incoming-Port']
2025-03-18 11:13:41,429 - INFO - 尝试连接端口: /dev/cu.debug-console
2025-03-18 11:13:41,429 - INFO - 尝试连接PLC - 端口: /dev/cu.debug-console, 波特率: 9600
2025-03-18 11:13:41,429 - INFO - PLC连接初始化成功
2025-03-18 11:13:41,429 - INFO - 成功连接到PLC设备，端口: /dev/cu.debug-console
2025-03-18 11:13:41,429 - INFO - PLC管理器初始化成功
2025-03-18 11:13:41,430 - WARNING -  * Debugger is active!
2025-03-18 11:13:41,443 - INFO -  * Debugger PIN: 672-779-162
2025-03-18 11:13:51,574 - INFO -  * Detected change in '/Users/lion/Downloads/ml_scaner-main/ml_scanner_server/server/server.py', reloading
2025-03-18 11:13:51,574 - INFO - 关闭PLC连接
2025-03-18 11:13:51,640 - INFO -  * Restarting with stat
2025-03-18 11:13:51,851 - INFO - 开始自动查找PLC设备...
2025-03-18 11:13:51,851 - INFO - 发现以下COM端口: ['/dev/cu.debug-console', '/dev/cu.wlan-debug', '/dev/cu.Bluetooth-Incoming-Port']
2025-03-18 11:13:51,852 - INFO - 尝试连接端口: /dev/cu.debug-console
2025-03-18 11:13:51,852 - INFO - 尝试连接PLC - 端口: /dev/cu.debug-console, 波特率: 9600
2025-03-18 11:13:51,852 - INFO - PLC连接初始化成功
2025-03-18 11:13:51,852 - INFO - 成功连接到PLC设备，端口: /dev/cu.debug-console
2025-03-18 11:13:51,852 - INFO - PLC管理器初始化成功
2025-03-18 11:13:51,853 - WARNING -  * Debugger is active!
2025-03-18 11:13:51,860 - INFO -  * Debugger PIN: 672-779-162
2025-03-18 11:13:53,881 - INFO -  * Detected change in '/Users/lion/Downloads/ml_scaner-main/ml_scanner_server/server/server.py', reloading
2025-03-18 11:13:53,881 - INFO - 关闭PLC连接
2025-03-18 11:13:53,964 - INFO -  * Restarting with stat
2025-03-18 11:13:54,181 - INFO - 开始自动查找PLC设备...
2025-03-18 11:13:54,182 - INFO - 发现以下COM端口: ['/dev/cu.debug-console', '/dev/cu.wlan-debug', '/dev/cu.Bluetooth-Incoming-Port']
2025-03-18 11:13:54,182 - INFO - 尝试连接端口: /dev/cu.debug-console
2025-03-18 11:13:54,182 - INFO - 尝试连接PLC - 端口: /dev/cu.debug-console, 波特率: 9600
2025-03-18 11:13:54,182 - INFO - PLC连接初始化成功
2025-03-18 11:13:54,182 - INFO - 成功连接到PLC设备，端口: /dev/cu.debug-console
2025-03-18 11:13:54,182 - INFO - PLC管理器初始化成功
2025-03-18 11:13:54,183 - WARNING -  * Debugger is active!
2025-03-18 11:13:54,189 - INFO -  * Debugger PIN: 672-779-162
2025-03-18 11:13:55,203 - INFO -  * Detected change in '/Users/lion/Downloads/ml_scaner-main/ml_scanner_server/server/server.py', reloading
2025-03-18 11:13:55,204 - INFO - 关闭PLC连接
2025-03-18 11:13:55,239 - INFO -  * Restarting with stat
2025-03-18 11:13:55,414 - INFO - 开始自动查找PLC设备...
2025-03-18 11:13:55,415 - INFO - 发现以下COM端口: ['/dev/cu.debug-console', '/dev/cu.wlan-debug', '/dev/cu.Bluetooth-Incoming-Port']
2025-03-18 11:13:55,415 - INFO - 尝试连接端口: /dev/cu.debug-console
2025-03-18 11:13:55,415 - INFO - 尝试连接PLC - 端口: /dev/cu.debug-console, 波特率: 9600
2025-03-18 11:13:55,415 - INFO - PLC连接初始化成功
2025-03-18 11:13:55,415 - INFO - 成功连接到PLC设备，端口: /dev/cu.debug-console
2025-03-18 11:13:55,415 - INFO - PLC管理器初始化成功
2025-03-18 11:13:55,416 - WARNING -  * Debugger is active!
2025-03-18 11:13:55,427 - INFO -  * Debugger PIN: 672-779-162
2025-03-18 11:14:07,589 - INFO -  * Detected change in '/Users/lion/Downloads/ml_scaner-main/ml_scanner_server/server/server.py', reloading
2025-03-18 11:14:07,589 - INFO - 关闭PLC连接
2025-03-18 11:14:07,699 - INFO -  * Restarting with stat
2025-03-18 11:14:07,934 - INFO - 开始自动查找PLC设备...
2025-03-18 11:14:07,935 - INFO - 发现以下COM端口: ['/dev/cu.debug-console', '/dev/cu.wlan-debug', '/dev/cu.Bluetooth-Incoming-Port']
2025-03-18 11:14:07,935 - INFO - 尝试连接端口: /dev/cu.debug-console
2025-03-18 11:14:07,935 - INFO - 尝试连接PLC - 端口: /dev/cu.debug-console, 波特率: 9600
2025-03-18 11:14:07,935 - INFO - PLC连接初始化成功
2025-03-18 11:14:07,935 - INFO - 成功连接到PLC设备，端口: /dev/cu.debug-console
2025-03-18 11:14:07,935 - INFO - PLC管理器初始化成功
2025-03-18 11:14:07,937 - WARNING -  * Debugger is active!
2025-03-18 11:14:07,944 - INFO -  * Debugger PIN: 672-779-162
2025-03-18 11:14:10,982 - INFO -  * Detected change in '/Users/lion/Downloads/ml_scaner-main/ml_scanner_server/server/server.py', reloading
2025-03-18 11:14:10,982 - INFO - 关闭PLC连接
2025-03-18 11:14:11,086 - INFO -  * Restarting with stat
2025-03-18 11:14:11,281 - INFO - 开始自动查找PLC设备...
2025-03-18 11:14:11,300 - INFO - 发现以下COM端口: ['/dev/cu.debug-console', '/dev/cu.wlan-debug', '/dev/cu.Bluetooth-Incoming-Port']
2025-03-18 11:14:11,304 - INFO - 尝试连接端口: /dev/cu.debug-console
2025-03-18 11:14:11,307 - INFO - 尝试连接PLC - 端口: /dev/cu.debug-console, 波特率: 9600
2025-03-18 11:14:11,322 - INFO - PLC连接初始化成功
2025-03-18 11:14:11,322 - INFO - 成功连接到PLC设备，端口: /dev/cu.debug-console
2025-03-18 11:14:11,322 - INFO - PLC管理器初始化成功
2025-03-18 11:14:11,323 - WARNING -  * Debugger is active!
2025-03-18 11:14:11,334 - INFO -  * Debugger PIN: 672-779-162
